{"/Users/hieuho/GoldScalpingBot/apps/signal-bot/src/services/chart-renderer.ts": {"path":"/Users/hieuho/GoldScalpingBot/apps/signal-bot/src/services/chart-renderer.ts","statementMap":{"0":{"start":{"line":12,"column":36},"end":{"line":18,"column":null}},"1":{"start":{"line":21,"column":15},"end":{"line":33,"column":null}},"2":{"start":{"line":43,"column":14},"end":{"line":43,"column":null}},"3":{"start":{"line":44,"column":8},"end":{"line":44,"column":null}},"4":{"start":{"line":45,"column":14},"end":{"line":45,"column":null}},"5":{"start":{"line":48,"column":25},"end":{"line":48,"column":null}},"6":{"start":{"line":51,"column":30},"end":{"line":56,"column":null}},"7":{"start":{"line":52,"column":35},"end":{"line":52,"column":50}},"8":{"start":{"line":57,"column":2},"end":{"line":57,"column":null}},"9":{"start":{"line":57,"column":26},"end":{"line":57,"column":null}},"10":{"start":{"line":58,"column":2},"end":{"line":58,"column":null}},"11":{"start":{"line":58,"column":26},"end":{"line":58,"column":null}},"12":{"start":{"line":59,"column":19},"end":{"line":59,"column":null}},"13":{"start":{"line":60,"column":19},"end":{"line":60,"column":null}},"14":{"start":{"line":63,"column":2},"end":{"line":63,"column":null}},"15":{"start":{"line":66,"column":2},"end":{"line":66,"column":null}},"16":{"start":{"line":69,"column":2},"end":{"line":69,"column":null}},"17":{"start":{"line":72,"column":2},"end":{"line":72,"column":null}},"18":{"start":{"line":75,"column":2},"end":{"line":75,"column":null}},"19":{"start":{"line":77,"column":2},"end":{"line":77,"column":null}},"20":{"start":{"line":82,"column":19},"end":{"line":82,"column":null}},"21":{"start":{"line":83,"column":2},"end":{"line":83,"column":null}},"22":{"start":{"line":84,"column":2},"end":{"line":84,"column":null}},"23":{"start":{"line":85,"column":2},"end":{"line":85,"column":null}},"24":{"start":{"line":86,"column":2},"end":{"line":86,"column":null}},"25":{"start":{"line":95,"column":22},"end":{"line":95,"column":null}},"26":{"start":{"line":96,"column":21},"end":{"line":96,"column":null}},"27":{"start":{"line":97,"column":21},"end":{"line":97,"column":null}},"28":{"start":{"line":99,"column":2},"end":{"line":99,"column":null}},"29":{"start":{"line":100,"column":2},"end":{"line":100,"column":null}},"30":{"start":{"line":101,"column":2},"end":{"line":101,"column":null}},"31":{"start":{"line":104,"column":2},"end":{"line":118,"column":null}},"32":{"start":{"line":104,"column":15},"end":{"line":104,"column":18}},"33":{"start":{"line":105,"column":14},"end":{"line":105,"column":null}},"34":{"start":{"line":106,"column":18},"end":{"line":106,"column":null}},"35":{"start":{"line":108,"column":4},"end":{"line":108,"column":null}},"36":{"start":{"line":109,"column":4},"end":{"line":109,"column":null}},"37":{"start":{"line":110,"column":4},"end":{"line":110,"column":null}},"38":{"start":{"line":111,"column":4},"end":{"line":111,"column":null}},"39":{"start":{"line":114,"column":4},"end":{"line":114,"column":null}},"40":{"start":{"line":115,"column":4},"end":{"line":115,"column":null}},"41":{"start":{"line":116,"column":4},"end":{"line":116,"column":null}},"42":{"start":{"line":117,"column":4},"end":{"line":117,"column":null}},"43":{"start":{"line":120,"column":2},"end":{"line":120,"column":null}},"44":{"start":{"line":130,"column":22},"end":{"line":130,"column":null}},"45":{"start":{"line":131,"column":21},"end":{"line":131,"column":null}},"46":{"start":{"line":132,"column":21},"end":{"line":132,"column":null}},"47":{"start":{"line":133,"column":22},"end":{"line":133,"column":null}},"48":{"start":{"line":135,"column":2},"end":{"line":159,"column":null}},"49":{"start":{"line":136,"column":14},"end":{"line":136,"column":null}},"50":{"start":{"line":137,"column":22},"end":{"line":137,"column":null}},"51":{"start":{"line":138,"column":18},"end":{"line":138,"column":null}},"52":{"start":{"line":141,"column":18},"end":{"line":141,"column":null}},"53":{"start":{"line":142,"column":19},"end":{"line":142,"column":null}},"54":{"start":{"line":143,"column":18},"end":{"line":143,"column":null}},"55":{"start":{"line":144,"column":17},"end":{"line":144,"column":null}},"56":{"start":{"line":147,"column":4},"end":{"line":147,"column":null}},"57":{"start":{"line":148,"column":4},"end":{"line":148,"column":null}},"58":{"start":{"line":149,"column":4},"end":{"line":149,"column":null}},"59":{"start":{"line":150,"column":4},"end":{"line":150,"column":null}},"60":{"start":{"line":151,"column":4},"end":{"line":151,"column":null}},"61":{"start":{"line":152,"column":4},"end":{"line":152,"column":null}},"62":{"start":{"line":155,"column":4},"end":{"line":155,"column":null}},"63":{"start":{"line":156,"column":20},"end":{"line":156,"column":null}},"64":{"start":{"line":157,"column":23},"end":{"line":157,"column":null}},"65":{"start":{"line":158,"column":4},"end":{"line":158,"column":null}},"66":{"start":{"line":169,"column":22},"end":{"line":169,"column":null}},"67":{"start":{"line":170,"column":21},"end":{"line":170,"column":null}},"68":{"start":{"line":172,"column":20},"end":{"line":189,"column":null}},"69":{"start":{"line":173,"column":14},"end":{"line":173,"column":null}},"70":{"start":{"line":175,"column":4},"end":{"line":175,"column":null}},"71":{"start":{"line":176,"column":4},"end":{"line":176,"column":null}},"72":{"start":{"line":177,"column":4},"end":{"line":177,"column":null}},"73":{"start":{"line":178,"column":4},"end":{"line":178,"column":null}},"74":{"start":{"line":179,"column":4},"end":{"line":179,"column":null}},"75":{"start":{"line":180,"column":4},"end":{"line":180,"column":null}},"76":{"start":{"line":181,"column":4},"end":{"line":181,"column":null}},"77":{"start":{"line":182,"column":4},"end":{"line":182,"column":null}},"78":{"start":{"line":185,"column":4},"end":{"line":185,"column":null}},"79":{"start":{"line":186,"column":4},"end":{"line":186,"column":null}},"80":{"start":{"line":187,"column":4},"end":{"line":187,"column":null}},"81":{"start":{"line":188,"column":4},"end":{"line":188,"column":null}},"82":{"start":{"line":192,"column":2},"end":{"line":192,"column":null}},"83":{"start":{"line":193,"column":2},"end":{"line":193,"column":null}},"84":{"start":{"line":194,"column":2},"end":{"line":194,"column":null}},"85":{"start":{"line":195,"column":2},"end":{"line":195,"column":null}},"86":{"start":{"line":195,"column":26},"end":{"line":195,"column":null}},"87":{"start":{"line":200,"column":16},"end":{"line":200,"column":null}},"88":{"start":{"line":201,"column":21},"end":{"line":201,"column":null}},"89":{"start":{"line":203,"column":2},"end":{"line":203,"column":null}},"90":{"start":{"line":204,"column":2},"end":{"line":204,"column":null}},"91":{"start":{"line":205,"column":2},"end":{"line":205,"column":null}},"92":{"start":{"line":206,"column":2},"end":{"line":206,"column":null}},"93":{"start":{"line":209,"column":2},"end":{"line":209,"column":null}},"94":{"start":{"line":210,"column":2},"end":{"line":210,"column":null}},"95":{"start":{"line":211,"column":2},"end":{"line":211,"column":null}},"96":{"start":{"line":212,"column":2},"end":{"line":212,"column":null}},"97":{"start":{"line":215,"column":2},"end":{"line":215,"column":null}},"98":{"start":{"line":216,"column":2},"end":{"line":216,"column":null}},"99":{"start":{"line":217,"column":2},"end":{"line":217,"column":null}},"100":{"start":{"line":218,"column":2},"end":{"line":218,"column":null}},"101":{"start":{"line":221,"column":2},"end":{"line":221,"column":null}},"102":{"start":{"line":222,"column":2},"end":{"line":222,"column":null}},"103":{"start":{"line":223,"column":2},"end":{"line":223,"column":null}},"104":{"start":{"line":224,"column":2},"end":{"line":228,"column":null}},"105":{"start":{"line":238,"column":14},"end":{"line":238,"column":null}},"106":{"start":{"line":239,"column":8},"end":{"line":239,"column":null}},"107":{"start":{"line":240,"column":14},"end":{"line":240,"column":null}},"108":{"start":{"line":242,"column":25},"end":{"line":242,"column":null}},"109":{"start":{"line":244,"column":20},"end":{"line":244,"column":null}},"110":{"start":{"line":244,"column":48},"end":{"line":244,"column":63}},"111":{"start":{"line":245,"column":19},"end":{"line":245,"column":null}},"112":{"start":{"line":246,"column":19},"end":{"line":246,"column":null}},"113":{"start":{"line":248,"column":2},"end":{"line":248,"column":null}},"114":{"start":{"line":249,"column":2},"end":{"line":249,"column":null}},"115":{"start":{"line":250,"column":2},"end":{"line":250,"column":null}},"116":{"start":{"line":253,"column":2},"end":{"line":253,"column":null}},"117":{"start":{"line":254,"column":2},"end":{"line":254,"column":null}},"118":{"start":{"line":255,"column":2},"end":{"line":255,"column":null}},"119":{"start":{"line":256,"column":2},"end":{"line":256,"column":null}},"120":{"start":{"line":258,"column":2},"end":{"line":258,"column":null}},"121":{"start":{"line":259,"column":2},"end":{"line":259,"column":null}},"122":{"start":{"line":260,"column":2},"end":{"line":260,"column":null}},"123":{"start":{"line":261,"column":2},"end":{"line":261,"column":null}},"124":{"start":{"line":263,"column":2},"end":{"line":263,"column":null}},"125":{"start":{"line":266,"column":29},"end":{"line":269,"column":null}}},"fnMap":{"0":{"name":"renderSignalChart","decl":{"start":{"line":38,"column":22},"end":{"line":38,"column":null}},"loc":{"start":{"line":42,"column":19},"end":{"line":78,"column":null}},"line":42},"1":{"name":"(anonymous_1)","decl":{"start":{"line":52,"column":30},"end":{"line":52,"column":35}},"loc":{"start":{"line":52,"column":35},"end":{"line":52,"column":50}},"line":52},"2":{"name":"drawBackground","decl":{"start":{"line":80,"column":9},"end":{"line":80,"column":24}},"loc":{"start":{"line":80,"column":62},"end":{"line":87,"column":null}},"line":80},"3":{"name":"drawGrid","decl":{"start":{"line":89,"column":9},"end":{"line":89,"column":null}},"loc":{"start":{"line":94,"column":2},"end":{"line":121,"column":null}},"line":94},"4":{"name":"drawCandles","decl":{"start":{"line":123,"column":9},"end":{"line":123,"column":null}},"loc":{"start":{"line":129,"column":2},"end":{"line":160,"column":null}},"line":129},"5":{"name":"(anonymous_5)","decl":{"start":{"line":135,"column":18},"end":{"line":135,"column":19}},"loc":{"start":{"line":135,"column":33},"end":{"line":159,"column":3}},"line":135},"6":{"name":"drawSignalLevels","decl":{"start":{"line":162,"column":9},"end":{"line":162,"column":null}},"loc":{"start":{"line":168,"column":2},"end":{"line":196,"column":null}},"line":168},"7":{"name":"(anonymous_7)","decl":{"start":{"line":172,"column":20},"end":{"line":172,"column":21}},"loc":{"start":{"line":172,"column":69},"end":{"line":189,"column":null}},"line":172},"8":{"name":"drawTitle","decl":{"start":{"line":198,"column":9},"end":{"line":198,"column":19}},"loc":{"start":{"line":198,"column":80},"end":{"line":229,"column":null}},"line":198},"9":{"name":"renderPriceChart","decl":{"start":{"line":234,"column":22},"end":{"line":234,"column":null}},"loc":{"start":{"line":237,"column":19},"end":{"line":264,"column":null}},"line":237},"10":{"name":"(anonymous_10)","decl":{"start":{"line":244,"column":43},"end":{"line":244,"column":48}},"loc":{"start":{"line":244,"column":48},"end":{"line":244,"column":63}},"line":244}},"branchMap":{"0":{"loc":{"start":{"line":41,"column":2},"end":{"line":41,"column":null}},"type":"default-arg","locations":[{"start":{"line":41,"column":33},"end":{"line":41,"column":null}}],"line":41},"1":{"loc":{"start":{"line":57,"column":2},"end":{"line":57,"column":null}},"type":"if","locations":[{"start":{"line":57,"column":2},"end":{"line":57,"column":null}},{"start":{},"end":{}}],"line":57},"2":{"loc":{"start":{"line":58,"column":2},"end":{"line":58,"column":null}},"type":"if","locations":[{"start":{"line":58,"column":2},"end":{"line":58,"column":null}},{"start":{},"end":{}}],"line":58},"3":{"loc":{"start":{"line":138,"column":18},"end":{"line":138,"column":null}},"type":"cond-expr","locations":[{"start":{"line":138,"column":30},"end":{"line":138,"column":47}},{"start":{"line":138,"column":47},"end":{"line":138,"column":null}}],"line":138},"4":{"loc":{"start":{"line":195,"column":2},"end":{"line":195,"column":null}},"type":"if","locations":[{"start":{"line":195,"column":2},"end":{"line":195,"column":null}},{"start":{},"end":{}}],"line":195},"5":{"loc":{"start":{"line":200,"column":16},"end":{"line":200,"column":null}},"type":"cond-expr","locations":[{"start":{"line":200,"column":45},"end":{"line":200,"column":52}},{"start":{"line":200,"column":52},"end":{"line":200,"column":null}}],"line":200},"6":{"loc":{"start":{"line":201,"column":21},"end":{"line":201,"column":null}},"type":"cond-expr","locations":[{"start":{"line":201,"column":51},"end":{"line":201,"column":60}},{"start":{"line":201,"column":60},"end":{"line":201,"column":null}}],"line":201}},"s":{"0":0,"1":0,"2":0,"3":0,"4":0,"5":0,"6":0,"7":0,"8":0,"9":0,"10":0,"11":0,"12":0,"13":0,"14":0,"15":0,"16":0,"17":0,"18":0,"19":0,"20":0,"21":0,"22":0,"23":0,"24":0,"25":0,"26":0,"27":0,"28":0,"29":0,"30":0,"31":0,"32":0,"33":0,"34":0,"35":0,"36":0,"37":0,"38":0,"39":0,"40":0,"41":0,"42":0,"43":0,"44":0,"45":0,"46":0,"47":0,"48":0,"49":0,"50":0,"51":0,"52":0,"53":0,"54":0,"55":0,"56":0,"57":0,"58":0,"59":0,"60":0,"61":0,"62":0,"63":0,"64":0,"65":0,"66":0,"67":0,"68":0,"69":0,"70":0,"71":0,"72":0,"73":0,"74":0,"75":0,"76":0,"77":0,"78":0,"79":0,"80":0,"81":0,"82":0,"83":0,"84":0,"85":0,"86":0,"87":0,"88":0,"89":0,"90":0,"91":0,"92":0,"93":0,"94":0,"95":0,"96":0,"97":0,"98":0,"99":0,"100":0,"101":0,"102":0,"103":0,"104":0,"105":0,"106":0,"107":0,"108":0,"109":0,"110":0,"111":0,"112":0,"113":0,"114":0,"115":0,"116":0,"117":0,"118":0,"119":0,"120":0,"121":0,"122":0,"123":0,"124":0,"125":0},"f":{"0":0,"1":0,"2":0,"3":0,"4":0,"5":0,"6":0,"7":0,"8":0,"9":0,"10":0},"b":{"0":[0],"1":[0,0],"2":[0,0],"3":[0,0],"4":[0,0],"5":[0,0],"6":[0,0]},"meta":{"lastBranch":7,"lastFunction":11,"lastStatement":126,"seen":{"s:12:36:18:Infinity":0,"s:21:15:33:Infinity":1,"f:38:22:38:Infinity":0,"b:41:33:41:Infinity":0,"s:43:14:43:Infinity":2,"s:44:8:44:Infinity":3,"s:45:14:45:Infinity":4,"s:48:25:48:Infinity":5,"s:51:30:56:Infinity":6,"f:52:30:52:35":1,"s:52:35:52:50":7,"b:57:2:57:Infinity:undefined:undefined:undefined:undefined":1,"s:57:2:57:Infinity":8,"s:57:26:57:Infinity":9,"b:58:2:58:Infinity:undefined:undefined:undefined:undefined":2,"s:58:2:58:Infinity":10,"s:58:26:58:Infinity":11,"s:59:19:59:Infinity":12,"s:60:19:60:Infinity":13,"s:63:2:63:Infinity":14,"s:66:2:66:Infinity":15,"s:69:2:69:Infinity":16,"s:72:2:72:Infinity":17,"s:75:2:75:Infinity":18,"s:77:2:77:Infinity":19,"f:80:9:80:24":2,"s:82:19:82:Infinity":20,"s:83:2:83:Infinity":21,"s:84:2:84:Infinity":22,"s:85:2:85:Infinity":23,"s:86:2:86:Infinity":24,"f:89:9:89:Infinity":3,"s:95:22:95:Infinity":25,"s:96:21:96:Infinity":26,"s:97:21:97:Infinity":27,"s:99:2:99:Infinity":28,"s:100:2:100:Infinity":29,"s:101:2:101:Infinity":30,"s:104:2:118:Infinity":31,"s:104:15:104:18":32,"s:105:14:105:Infinity":33,"s:106:18:106:Infinity":34,"s:108:4:108:Infinity":35,"s:109:4:109:Infinity":36,"s:110:4:110:Infinity":37,"s:111:4:111:Infinity":38,"s:114:4:114:Infinity":39,"s:115:4:115:Infinity":40,"s:116:4:116:Infinity":41,"s:117:4:117:Infinity":42,"s:120:2:120:Infinity":43,"f:123:9:123:Infinity":4,"s:130:22:130:Infinity":44,"s:131:21:131:Infinity":45,"s:132:21:132:Infinity":46,"s:133:22:133:Infinity":47,"s:135:2:159:Infinity":48,"f:135:18:135:19":5,"s:136:14:136:Infinity":49,"s:137:22:137:Infinity":50,"s:138:18:138:Infinity":51,"b:138:30:138:47:138:47:138:Infinity":3,"s:141:18:141:Infinity":52,"s:142:19:142:Infinity":53,"s:143:18:143:Infinity":54,"s:144:17:144:Infinity":55,"s:147:4:147:Infinity":56,"s:148:4:148:Infinity":57,"s:149:4:149:Infinity":58,"s:150:4:150:Infinity":59,"s:151:4:151:Infinity":60,"s:152:4:152:Infinity":61,"s:155:4:155:Infinity":62,"s:156:20:156:Infinity":63,"s:157:23:157:Infinity":64,"s:158:4:158:Infinity":65,"f:162:9:162:Infinity":6,"s:169:22:169:Infinity":66,"s:170:21:170:Infinity":67,"s:172:20:189:Infinity":68,"f:172:20:172:21":7,"s:173:14:173:Infinity":69,"s:175:4:175:Infinity":70,"s:176:4:176:Infinity":71,"s:177:4:177:Infinity":72,"s:178:4:178:Infinity":73,"s:179:4:179:Infinity":74,"s:180:4:180:Infinity":75,"s:181:4:181:Infinity":76,"s:182:4:182:Infinity":77,"s:185:4:185:Infinity":78,"s:186:4:186:Infinity":79,"s:187:4:187:Infinity":80,"s:188:4:188:Infinity":81,"s:192:2:192:Infinity":82,"s:193:2:193:Infinity":83,"s:194:2:194:Infinity":84,"b:195:2:195:Infinity:undefined:undefined:undefined:undefined":4,"s:195:2:195:Infinity":85,"s:195:26:195:Infinity":86,"f:198:9:198:19":8,"s:200:16:200:Infinity":87,"b:200:45:200:52:200:52:200:Infinity":5,"s:201:21:201:Infinity":88,"b:201:51:201:60:201:60:201:Infinity":6,"s:203:2:203:Infinity":89,"s:204:2:204:Infinity":90,"s:205:2:205:Infinity":91,"s:206:2:206:Infinity":92,"s:209:2:209:Infinity":93,"s:210:2:210:Infinity":94,"s:211:2:211:Infinity":95,"s:212:2:212:Infinity":96,"s:215:2:215:Infinity":97,"s:216:2:216:Infinity":98,"s:217:2:217:Infinity":99,"s:218:2:218:Infinity":100,"s:221:2:221:Infinity":101,"s:222:2:222:Infinity":102,"s:223:2:223:Infinity":103,"s:224:2:228:Infinity":104,"f:234:22:234:Infinity":9,"s:238:14:238:Infinity":105,"s:239:8:239:Infinity":106,"s:240:14:240:Infinity":107,"s:242:25:242:Infinity":108,"s:244:20:244:Infinity":109,"f:244:43:244:48":10,"s:244:48:244:63":110,"s:245:19:245:Infinity":111,"s:246:19:246:Infinity":112,"s:248:2:248:Infinity":113,"s:249:2:249:Infinity":114,"s:250:2:250:Infinity":115,"s:253:2:253:Infinity":116,"s:254:2:254:Infinity":117,"s:255:2:255:Infinity":118,"s:256:2:256:Infinity":119,"s:258:2:258:Infinity":120,"s:259:2:259:Infinity":121,"s:260:2:260:Infinity":122,"s:261:2:261:Infinity":123,"s:263:2:263:Infinity":124,"s:266:29:269:Infinity":125}}}
,"/Users/hieuho/GoldScalpingBot/apps/signal-bot/src/services/fomo-generator.ts": {"path":"/Users/hieuho/GoldScalpingBot/apps/signal-bot/src/services/fomo-generator.ts","statementMap":{"0":{"start":{"line":7,"column":20},"end":{"line":7,"column":null}},"1":{"start":{"line":10,"column":15},"end":{"line":23,"column":null}},"2":{"start":{"line":26,"column":14},"end":{"line":26,"column":null}},"3":{"start":{"line":27,"column":15},"end":{"line":27,"column":null}},"4":{"start":{"line":53,"column":29},"end":{"line":53,"column":null}},"5":{"start":{"line":54,"column":20},"end":{"line":54,"column":null}},"6":{"start":{"line":57,"column":20},"end":{"line":57,"column":null}},"7":{"start":{"line":58,"column":14},"end":{"line":58,"column":null}},"8":{"start":{"line":60,"column":2},"end":{"line":93,"column":null}},"9":{"start":{"line":60,"column":15},"end":{"line":60,"column":18}},"10":{"start":{"line":61,"column":22},"end":{"line":61,"column":null}},"11":{"start":{"line":62,"column":20},"end":{"line":62,"column":null}},"12":{"start":{"line":63,"column":10},"end":{"line":63,"column":null}},"13":{"start":{"line":64,"column":22},"end":{"line":64,"column":null}},"14":{"start":{"line":65,"column":23},"end":{"line":67,"column":null}},"15":{"start":{"line":70,"column":17},"end":{"line":70,"column":null}},"16":{"start":{"line":71,"column":19},"end":{"line":72,"column":null}},"17":{"start":{"line":73,"column":16},"end":{"line":75,"column":null}},"18":{"start":{"line":78,"column":22},"end":{"line":78,"column":null}},"19":{"start":{"line":79,"column":4},"end":{"line":79,"column":null}},"20":{"start":{"line":80,"column":4},"end":{"line":80,"column":null}},"21":{"start":{"line":81,"column":4},"end":{"line":81,"column":null}},"22":{"start":{"line":83,"column":4},"end":{"line":92,"column":null}},"23":{"start":{"line":95,"column":2},"end":{"line":95,"column":null}},"24":{"start":{"line":102,"column":22},"end":{"line":102,"column":null}},"25":{"start":{"line":102,"column":48},"end":{"line":102,"column":61}},"26":{"start":{"line":103,"column":18},"end":{"line":103,"column":null}},"27":{"start":{"line":104,"column":21},"end":{"line":104,"column":null}},"28":{"start":{"line":105,"column":15},"end":{"line":105,"column":null}},"29":{"start":{"line":107,"column":2},"end":{"line":114,"column":null}},"30":{"start":{"line":121,"column":16},"end":{"line":121,"column":null}},"31":{"start":{"line":122,"column":16},"end":{"line":122,"column":null}},"32":{"start":{"line":123,"column":2},"end":{"line":123,"column":null}},"33":{"start":{"line":124,"column":17},"end":{"line":124,"column":null}},"34":{"start":{"line":125,"column":2},"end":{"line":125,"column":null}},"35":{"start":{"line":132,"column":2},"end":{"line":132,"column":null}},"36":{"start":{"line":133,"column":2},"end":{"line":133,"column":null}},"37":{"start":{"line":134,"column":2},"end":{"line":134,"column":null}},"38":{"start":{"line":137,"column":8},"end":{"line":142,"column":null}},"39":{"start":{"line":143,"column":2},"end":{"line":143,"column":null}},"40":{"start":{"line":146,"column":2},"end":{"line":146,"column":null}},"41":{"start":{"line":147,"column":2},"end":{"line":147,"column":null}},"42":{"start":{"line":148,"column":2},"end":{"line":148,"column":null}},"43":{"start":{"line":149,"column":2},"end":{"line":149,"column":null}},"44":{"start":{"line":152,"column":2},"end":{"line":152,"column":null}},"45":{"start":{"line":153,"column":2},"end":{"line":156,"column":null}},"46":{"start":{"line":153,"column":15},"end":{"line":153,"column":18}},"47":{"start":{"line":154,"column":22},"end":{"line":154,"column":null}},"48":{"start":{"line":155,"column":4},"end":{"line":155,"column":null}},"49":{"start":{"line":159,"column":2},"end":{"line":159,"column":null}},"50":{"start":{"line":160,"column":2},"end":{"line":160,"column":null}},"51":{"start":{"line":161,"column":2},"end":{"line":161,"column":null}},"52":{"start":{"line":162,"column":2},"end":{"line":162,"column":null}},"53":{"start":{"line":164,"column":2},"end":{"line":164,"column":null}},"54":{"start":{"line":165,"column":2},"end":{"line":165,"column":null}},"55":{"start":{"line":172,"column":15},"end":{"line":172,"column":null}},"56":{"start":{"line":173,"column":20},"end":{"line":173,"column":null}},"57":{"start":{"line":176,"column":2},"end":{"line":176,"column":null}},"58":{"start":{"line":177,"column":2},"end":{"line":177,"column":null}},"59":{"start":{"line":178,"column":2},"end":{"line":178,"column":null}},"60":{"start":{"line":179,"column":2},"end":{"line":179,"column":null}},"61":{"start":{"line":182,"column":15},"end":{"line":182,"column":null}},"62":{"start":{"line":183,"column":19},"end":{"line":183,"column":null}},"63":{"start":{"line":185,"column":2},"end":{"line":202,"column":null}},"64":{"start":{"line":186,"column":14},"end":{"line":186,"column":null}},"65":{"start":{"line":189,"column":4},"end":{"line":197,"column":null}},"66":{"start":{"line":190,"column":6},"end":{"line":190,"column":null}},"67":{"start":{"line":191,"column":6},"end":{"line":191,"column":null}},"68":{"start":{"line":192,"column":6},"end":{"line":192,"column":null}},"69":{"start":{"line":193,"column":6},"end":{"line":193,"column":null}},"70":{"start":{"line":194,"column":6},"end":{"line":194,"column":null}},"71":{"start":{"line":196,"column":6},"end":{"line":196,"column":null}},"72":{"start":{"line":199,"column":4},"end":{"line":199,"column":null}},"73":{"start":{"line":200,"column":4},"end":{"line":200,"column":null}},"74":{"start":{"line":201,"column":4},"end":{"line":201,"column":null}},"75":{"start":{"line":205,"column":2},"end":{"line":205,"column":null}},"76":{"start":{"line":206,"column":2},"end":{"line":206,"column":null}},"77":{"start":{"line":207,"column":2},"end":{"line":207,"column":null}},"78":{"start":{"line":208,"column":2},"end":{"line":208,"column":null}},"79":{"start":{"line":211,"column":2},"end":{"line":211,"column":null}},"80":{"start":{"line":212,"column":2},"end":{"line":212,"column":null}},"81":{"start":{"line":213,"column":2},"end":{"line":213,"column":null}},"82":{"start":{"line":214,"column":2},"end":{"line":214,"column":null}},"83":{"start":{"line":215,"column":2},"end":{"line":215,"column":null}},"84":{"start":{"line":216,"column":2},"end":{"line":216,"column":null}},"85":{"start":{"line":217,"column":2},"end":{"line":217,"column":null}},"86":{"start":{"line":218,"column":2},"end":{"line":218,"column":null}},"87":{"start":{"line":219,"column":2},"end":{"line":219,"column":null}},"88":{"start":{"line":220,"column":2},"end":{"line":220,"column":null}},"89":{"start":{"line":227,"column":22},"end":{"line":227,"column":null}},"90":{"start":{"line":228,"column":23},"end":{"line":228,"column":null}},"91":{"start":{"line":231,"column":2},"end":{"line":231,"column":null}},"92":{"start":{"line":232,"column":2},"end":{"line":232,"column":null}},"93":{"start":{"line":235,"column":2},"end":{"line":235,"column":null}},"94":{"start":{"line":236,"column":2},"end":{"line":236,"column":null}},"95":{"start":{"line":237,"column":2},"end":{"line":237,"column":null}},"96":{"start":{"line":238,"column":2},"end":{"line":238,"column":null}},"97":{"start":{"line":240,"column":2},"end":{"line":240,"column":null}},"98":{"start":{"line":241,"column":2},"end":{"line":241,"column":null}},"99":{"start":{"line":242,"column":2},"end":{"line":242,"column":null}},"100":{"start":{"line":245,"column":2},"end":{"line":245,"column":null}},"101":{"start":{"line":246,"column":2},"end":{"line":246,"column":null}},"102":{"start":{"line":247,"column":2},"end":{"line":247,"column":null}},"103":{"start":{"line":250,"column":2},"end":{"line":250,"column":null}},"104":{"start":{"line":251,"column":2},"end":{"line":251,"column":null}},"105":{"start":{"line":254,"column":2},"end":{"line":254,"column":null}},"106":{"start":{"line":255,"column":2},"end":{"line":255,"column":null}},"107":{"start":{"line":256,"column":2},"end":{"line":256,"column":null}},"108":{"start":{"line":263,"column":22},"end":{"line":263,"column":null}},"109":{"start":{"line":264,"column":23},"end":{"line":264,"column":null}},"110":{"start":{"line":265,"column":21},"end":{"line":265,"column":null}},"111":{"start":{"line":268,"column":2},"end":{"line":268,"column":null}},"112":{"start":{"line":269,"column":2},"end":{"line":269,"column":null}},"113":{"start":{"line":270,"column":2},"end":{"line":270,"column":null}},"114":{"start":{"line":271,"column":2},"end":{"line":271,"column":null}},"115":{"start":{"line":272,"column":2},"end":{"line":272,"column":null}},"116":{"start":{"line":273,"column":2},"end":{"line":273,"column":null}},"117":{"start":{"line":275,"column":16},"end":{"line":282,"column":null}},"118":{"start":{"line":284,"column":2},"end":{"line":294,"column":null}},"119":{"start":{"line":285,"column":18},"end":{"line":285,"column":null}},"120":{"start":{"line":287,"column":4},"end":{"line":287,"column":null}},"121":{"start":{"line":288,"column":4},"end":{"line":288,"column":null}},"122":{"start":{"line":289,"column":4},"end":{"line":289,"column":null}},"123":{"start":{"line":290,"column":4},"end":{"line":290,"column":null}},"124":{"start":{"line":292,"column":4},"end":{"line":292,"column":null}},"125":{"start":{"line":293,"column":4},"end":{"line":293,"column":null}},"126":{"start":{"line":301,"column":15},"end":{"line":301,"column":null}},"127":{"start":{"line":304,"column":2},"end":{"line":304,"column":null}},"128":{"start":{"line":305,"column":2},"end":{"line":305,"column":null}},"129":{"start":{"line":308,"column":2},"end":{"line":308,"column":null}},"130":{"start":{"line":309,"column":2},"end":{"line":309,"column":null}},"131":{"start":{"line":310,"column":2},"end":{"line":310,"column":null}},"132":{"start":{"line":311,"column":2},"end":{"line":311,"column":null}},"133":{"start":{"line":312,"column":2},"end":{"line":312,"column":null}},"134":{"start":{"line":313,"column":2},"end":{"line":313,"column":null}},"135":{"start":{"line":315,"column":19},"end":{"line":321,"column":null}},"136":{"start":{"line":323,"column":20},"end":{"line":323,"column":null}},"137":{"start":{"line":325,"column":2},"end":{"line":338,"column":null}},"138":{"start":{"line":326,"column":14},"end":{"line":326,"column":null}},"139":{"start":{"line":328,"column":4},"end":{"line":328,"column":null}},"140":{"start":{"line":331,"column":4},"end":{"line":331,"column":null}},"141":{"start":{"line":332,"column":4},"end":{"line":332,"column":null}},"142":{"start":{"line":333,"column":4},"end":{"line":333,"column":null}},"143":{"start":{"line":336,"column":4},"end":{"line":336,"column":null}},"144":{"start":{"line":337,"column":4},"end":{"line":337,"column":null}},"145":{"start":{"line":341,"column":2},"end":{"line":341,"column":null}},"146":{"start":{"line":342,"column":2},"end":{"line":342,"column":null}},"147":{"start":{"line":343,"column":2},"end":{"line":343,"column":null}},"148":{"start":{"line":344,"column":2},"end":{"line":344,"column":null}},"149":{"start":{"line":351,"column":40},"end":{"line":351,"column":null}},"150":{"start":{"line":352,"column":17},"end":{"line":352,"column":null}},"151":{"start":{"line":353,"column":18},"end":{"line":353,"column":null}},"152":{"start":{"line":356,"column":17},"end":{"line":359,"column":null}},"153":{"start":{"line":357,"column":23},"end":{"line":357,"column":32}},"154":{"start":{"line":357,"column":53},"end":{"line":357,"column":66}},"155":{"start":{"line":361,"column":2},"end":{"line":369,"column":null}},"156":{"start":{"line":376,"column":8},"end":{"line":376,"column":null}},"157":{"start":{"line":377,"column":14},"end":{"line":377,"column":null}},"158":{"start":{"line":380,"column":2},"end":{"line":380,"column":null}},"159":{"start":{"line":381,"column":2},"end":{"line":381,"column":null}},"160":{"start":{"line":384,"column":17},"end":{"line":384,"column":null}},"161":{"start":{"line":385,"column":18},"end":{"line":385,"column":null}},"162":{"start":{"line":388,"column":2},"end":{"line":388,"column":null}},"163":{"start":{"line":389,"column":2},"end":{"line":389,"column":null}},"164":{"start":{"line":392,"column":17},"end":{"line":392,"column":null}},"165":{"start":{"line":393,"column":20},"end":{"line":393,"column":null}},"166":{"start":{"line":395,"column":2},"end":{"line":398,"column":null}},"167":{"start":{"line":395,"column":15},"end":{"line":395,"column":18}},"168":{"start":{"line":396,"column":4},"end":{"line":396,"column":null}},"169":{"start":{"line":397,"column":4},"end":{"line":397,"column":null}},"170":{"start":{"line":401,"column":2},"end":{"line":401,"column":null}},"171":{"start":{"line":404,"column":2},"end":{"line":404,"column":null}},"172":{"start":{"line":406,"column":2},"end":{"line":406,"column":null}},"173":{"start":{"line":413,"column":2},"end":{"line":428,"column":null}},"174":{"start":{"line":431,"column":29},"end":{"line":435,"column":null}}},"fnMap":{"0":{"name":"generateTradeHistory","decl":{"start":{"line":52,"column":9},"end":{"line":52,"column":44}},"loc":{"start":{"line":52,"column":44},"end":{"line":96,"column":null}},"line":52},"1":{"name":"generateAccountSummary","decl":{"start":{"line":101,"column":9},"end":{"line":101,"column":32}},"loc":{"start":{"line":101,"column":68},"end":{"line":115,"column":null}},"line":101},"2":{"name":"(anonymous_2)","decl":{"start":{"line":102,"column":36},"end":{"line":102,"column":37}},"loc":{"start":{"line":102,"column":48},"end":{"line":102,"column":61}},"line":102},"3":{"name":"formatNumber","decl":{"start":{"line":120,"column":9},"end":{"line":120,"column":22}},"loc":{"start":{"line":120,"column":57},"end":{"line":126,"column":null}},"line":120},"4":{"name":"drawStatusBar","decl":{"start":{"line":131,"column":9},"end":{"line":131,"column":23}},"loc":{"start":{"line":131,"column":43},"end":{"line":166,"column":null}},"line":131},"5":{"name":"drawTabNavigation","decl":{"start":{"line":171,"column":9},"end":{"line":171,"column":27}},"loc":{"start":{"line":171,"column":47},"end":{"line":221,"column":null}},"line":171},"6":{"name":"(anonymous_6)","decl":{"start":{"line":185,"column":15},"end":{"line":185,"column":16}},"loc":{"start":{"line":185,"column":27},"end":{"line":202,"column":3}},"line":185},"7":{"name":"drawTradeRow","decl":{"start":{"line":226,"column":9},"end":{"line":226,"column":22}},"loc":{"start":{"line":226,"column":70},"end":{"line":257,"column":null}},"line":226},"8":{"name":"drawAccountSummary","decl":{"start":{"line":262,"column":9},"end":{"line":262,"column":28}},"loc":{"start":{"line":262,"column":84},"end":{"line":295,"column":null}},"line":262},"9":{"name":"(anonymous_9)","decl":{"start":{"line":284,"column":16},"end":{"line":284,"column":17}},"loc":{"start":{"line":284,"column":29},"end":{"line":294,"column":3}},"line":284},"10":{"name":"drawBottomNav","decl":{"start":{"line":300,"column":9},"end":{"line":300,"column":23}},"loc":{"start":{"line":300,"column":43},"end":{"line":345,"column":null}},"line":300},"11":{"name":"(anonymous_11)","decl":{"start":{"line":325,"column":19},"end":{"line":325,"column":20}},"loc":{"start":{"line":325,"column":32},"end":{"line":338,"column":3}},"line":325},"12":{"name":"generateFomoData","decl":{"start":{"line":350,"column":16},"end":{"line":350,"column":45}},"loc":{"start":{"line":350,"column":45},"end":{"line":370,"column":null}},"line":350},"13":{"name":"(anonymous_13)","decl":{"start":{"line":357,"column":18},"end":{"line":357,"column":23}},"loc":{"start":{"line":357,"column":23},"end":{"line":357,"column":32}},"line":357},"14":{"name":"(anonymous_14)","decl":{"start":{"line":357,"column":41},"end":{"line":357,"column":42}},"loc":{"start":{"line":357,"column":53},"end":{"line":357,"column":66}},"line":357},"15":{"name":"renderFomoScreenshot","decl":{"start":{"line":375,"column":22},"end":{"line":375,"column":43}},"loc":{"start":{"line":375,"column":77},"end":{"line":407,"column":null}},"line":375},"16":{"name":"formatFomoCaption","decl":{"start":{"line":412,"column":16},"end":{"line":412,"column":34}},"loc":{"start":{"line":412,"column":58},"end":{"line":429,"column":null}},"line":412}},"branchMap":{"0":{"loc":{"start":{"line":61,"column":22},"end":{"line":61,"column":null}},"type":"cond-expr","locations":[{"start":{"line":61,"column":44},"end":{"line":61,"column":52}},{"start":{"line":61,"column":52},"end":{"line":61,"column":null}}],"line":61},"1":{"loc":{"start":{"line":65,"column":23},"end":{"line":67,"column":null}},"type":"cond-expr","locations":[{"start":{"line":66,"column":8},"end":{"line":66,"column":null}},{"start":{"line":67,"column":8},"end":{"line":67,"column":null}}],"line":65},"2":{"loc":{"start":{"line":71,"column":19},"end":{"line":72,"column":null}},"type":"binary-expr","locations":[{"start":{"line":71,"column":19},"end":{"line":71,"column":42}},{"start":{"line":71,"column":42},"end":{"line":71,"column":null}},{"start":{"line":72,"column":19},"end":{"line":72,"column":43}},{"start":{"line":72,"column":43},"end":{"line":72,"column":null}}],"line":71},"3":{"loc":{"start":{"line":73,"column":16},"end":{"line":75,"column":null}},"type":"cond-expr","locations":[{"start":{"line":74,"column":8},"end":{"line":74,"column":null}},{"start":{"line":75,"column":8},"end":{"line":75,"column":null}}],"line":73},"4":{"loc":{"start":{"line":120,"column":35},"end":{"line":120,"column":57}},"type":"default-arg","locations":[{"start":{"line":120,"column":46},"end":{"line":120,"column":57}}],"line":120},"5":{"loc":{"start":{"line":125,"column":9},"end":{"line":125,"column":null}},"type":"cond-expr","locations":[{"start":{"line":125,"column":19},"end":{"line":125,"column":34}},{"start":{"line":125,"column":34},"end":{"line":125,"column":null}}],"line":125},"6":{"loc":{"start":{"line":189,"column":4},"end":{"line":197,"column":null}},"type":"if","locations":[{"start":{"line":189,"column":4},"end":{"line":197,"column":null}},{"start":{"line":195,"column":11},"end":{"line":197,"column":null}}],"line":189},"7":{"loc":{"start":{"line":240,"column":18},"end":{"line":240,"column":null}},"type":"cond-expr","locations":[{"start":{"line":240,"column":46},"end":{"line":240,"column":59}},{"start":{"line":240,"column":59},"end":{"line":240,"column":null}}],"line":240},"8":{"loc":{"start":{"line":242,"column":60},"end":{"line":242,"column":85}},"type":"cond-expr","locations":[{"start":{"line":242,"column":80},"end":{"line":242,"column":84}},{"start":{"line":242,"column":84},"end":{"line":242,"column":85}}],"line":242},"9":{"loc":{"start":{"line":254,"column":18},"end":{"line":254,"column":null}},"type":"cond-expr","locations":[{"start":{"line":254,"column":35},"end":{"line":254,"column":51}},{"start":{"line":254,"column":51},"end":{"line":254,"column":null}}],"line":254},"10":{"loc":{"start":{"line":328,"column":20},"end":{"line":328,"column":null}},"type":"cond-expr","locations":[{"start":{"line":328,"column":36},"end":{"line":328,"column":57}},{"start":{"line":328,"column":57},"end":{"line":328,"column":null}}],"line":328}},"s":{"0":0,"1":0,"2":0,"3":0,"4":0,"5":0,"6":0,"7":0,"8":0,"9":0,"10":0,"11":0,"12":0,"13":0,"14":0,"15":0,"16":0,"17":0,"18":0,"19":0,"20":0,"21":0,"22":0,"23":0,"24":0,"25":0,"26":0,"27":0,"28":0,"29":0,"30":0,"31":0,"32":0,"33":0,"34":0,"35":0,"36":0,"37":0,"38":0,"39":0,"40":0,"41":0,"42":0,"43":0,"44":0,"45":0,"46":0,"47":0,"48":0,"49":0,"50":0,"51":0,"52":0,"53":0,"54":0,"55":0,"56":0,"57":0,"58":0,"59":0,"60":0,"61":0,"62":0,"63":0,"64":0,"65":0,"66":0,"67":0,"68":0,"69":0,"70":0,"71":0,"72":0,"73":0,"74":0,"75":0,"76":0,"77":0,"78":0,"79":0,"80":0,"81":0,"82":0,"83":0,"84":0,"85":0,"86":0,"87":0,"88":0,"89":0,"90":0,"91":0,"92":0,"93":0,"94":0,"95":0,"96":0,"97":0,"98":0,"99":0,"100":0,"101":0,"102":0,"103":0,"104":0,"105":0,"106":0,"107":0,"108":0,"109":0,"110":0,"111":0,"112":0,"113":0,"114":0,"115":0,"116":0,"117":0,"118":0,"119":0,"120":0,"121":0,"122":0,"123":0,"124":0,"125":0,"126":0,"127":0,"128":0,"129":0,"130":0,"131":0,"132":0,"133":0,"134":0,"135":0,"136":0,"137":0,"138":0,"139":0,"140":0,"141":0,"142":0,"143":0,"144":0,"145":0,"146":0,"147":0,"148":0,"149":0,"150":0,"151":0,"152":0,"153":0,"154":0,"155":0,"156":0,"157":0,"158":0,"159":0,"160":0,"161":0,"162":0,"163":0,"164":0,"165":0,"166":0,"167":0,"168":0,"169":0,"170":0,"171":0,"172":0,"173":0,"174":0},"f":{"0":0,"1":0,"2":0,"3":0,"4":0,"5":0,"6":0,"7":0,"8":0,"9":0,"10":0,"11":0,"12":0,"13":0,"14":0,"15":0,"16":0},"b":{"0":[0,0],"1":[0,0],"2":[0,0,0,0],"3":[0,0],"4":[0],"5":[0,0],"6":[0,0],"7":[0,0],"8":[0,0],"9":[0,0],"10":[0,0]},"meta":{"lastBranch":11,"lastFunction":17,"lastStatement":175,"seen":{"s:7:20:7:Infinity":0,"s:10:15:23:Infinity":1,"s:26:14:26:Infinity":2,"s:27:15:27:Infinity":3,"f:52:9:52:44":0,"s:53:29:53:Infinity":4,"s:54:20:54:Infinity":5,"s:57:20:57:Infinity":6,"s:58:14:58:Infinity":7,"s:60:2:93:Infinity":8,"s:60:15:60:18":9,"s:61:22:61:Infinity":10,"b:61:44:61:52:61:52:61:Infinity":0,"s:62:20:62:Infinity":11,"s:63:10:63:Infinity":12,"s:64:22:64:Infinity":13,"s:65:23:67:Infinity":14,"b:66:8:66:Infinity:67:8:67:Infinity":1,"s:70:17:70:Infinity":15,"s:71:19:72:Infinity":16,"b:71:19:71:42:71:42:71:Infinity:72:19:72:43:72:43:72:Infinity":2,"s:73:16:75:Infinity":17,"b:74:8:74:Infinity:75:8:75:Infinity":3,"s:78:22:78:Infinity":18,"s:79:4:79:Infinity":19,"s:80:4:80:Infinity":20,"s:81:4:81:Infinity":21,"s:83:4:92:Infinity":22,"s:95:2:95:Infinity":23,"f:101:9:101:32":1,"s:102:22:102:Infinity":24,"f:102:36:102:37":2,"s:102:48:102:61":25,"s:103:18:103:Infinity":26,"s:104:21:104:Infinity":27,"s:105:15:105:Infinity":28,"s:107:2:114:Infinity":29,"f:120:9:120:22":3,"b:120:46:120:57":4,"s:121:16:121:Infinity":30,"s:122:16:122:Infinity":31,"s:123:2:123:Infinity":32,"s:124:17:124:Infinity":33,"s:125:2:125:Infinity":34,"b:125:19:125:34:125:34:125:Infinity":5,"f:131:9:131:23":4,"s:132:2:132:Infinity":35,"s:133:2:133:Infinity":36,"s:134:2:134:Infinity":37,"s:137:8:142:Infinity":38,"s:143:2:143:Infinity":39,"s:146:2:146:Infinity":40,"s:147:2:147:Infinity":41,"s:148:2:148:Infinity":42,"s:149:2:149:Infinity":43,"s:152:2:152:Infinity":44,"s:153:2:156:Infinity":45,"s:153:15:153:18":46,"s:154:22:154:Infinity":47,"s:155:4:155:Infinity":48,"s:159:2:159:Infinity":49,"s:160:2:160:Infinity":50,"s:161:2:161:Infinity":51,"s:162:2:162:Infinity":52,"s:164:2:164:Infinity":53,"s:165:2:165:Infinity":54,"f:171:9:171:27":5,"s:172:15:172:Infinity":55,"s:173:20:173:Infinity":56,"s:176:2:176:Infinity":57,"s:177:2:177:Infinity":58,"s:178:2:178:Infinity":59,"s:179:2:179:Infinity":60,"s:182:15:182:Infinity":61,"s:183:19:183:Infinity":62,"s:185:2:202:Infinity":63,"f:185:15:185:16":6,"s:186:14:186:Infinity":64,"b:189:4:197:Infinity:195:11:197:Infinity":6,"s:189:4:197:Infinity":65,"s:190:6:190:Infinity":66,"s:191:6:191:Infinity":67,"s:192:6:192:Infinity":68,"s:193:6:193:Infinity":69,"s:194:6:194:Infinity":70,"s:196:6:196:Infinity":71,"s:199:4:199:Infinity":72,"s:200:4:200:Infinity":73,"s:201:4:201:Infinity":74,"s:205:2:205:Infinity":75,"s:206:2:206:Infinity":76,"s:207:2:207:Infinity":77,"s:208:2:208:Infinity":78,"s:211:2:211:Infinity":79,"s:212:2:212:Infinity":80,"s:213:2:213:Infinity":81,"s:214:2:214:Infinity":82,"s:215:2:215:Infinity":83,"s:216:2:216:Infinity":84,"s:217:2:217:Infinity":85,"s:218:2:218:Infinity":86,"s:219:2:219:Infinity":87,"s:220:2:220:Infinity":88,"f:226:9:226:22":7,"s:227:22:227:Infinity":89,"s:228:23:228:Infinity":90,"s:231:2:231:Infinity":91,"s:232:2:232:Infinity":92,"s:235:2:235:Infinity":93,"s:236:2:236:Infinity":94,"s:237:2:237:Infinity":95,"s:238:2:238:Infinity":96,"s:240:2:240:Infinity":97,"b:240:46:240:59:240:59:240:Infinity":7,"s:241:2:241:Infinity":98,"s:242:2:242:Infinity":99,"b:242:80:242:84:242:84:242:85":8,"s:245:2:245:Infinity":100,"s:246:2:246:Infinity":101,"s:247:2:247:Infinity":102,"s:250:2:250:Infinity":103,"s:251:2:251:Infinity":104,"s:254:2:254:Infinity":105,"b:254:35:254:51:254:51:254:Infinity":9,"s:255:2:255:Infinity":106,"s:256:2:256:Infinity":107,"f:262:9:262:28":8,"s:263:22:263:Infinity":108,"s:264:23:264:Infinity":109,"s:265:21:265:Infinity":110,"s:268:2:268:Infinity":111,"s:269:2:269:Infinity":112,"s:270:2:270:Infinity":113,"s:271:2:271:Infinity":114,"s:272:2:272:Infinity":115,"s:273:2:273:Infinity":116,"s:275:16:282:Infinity":117,"s:284:2:294:Infinity":118,"f:284:16:284:17":9,"s:285:18:285:Infinity":119,"s:287:4:287:Infinity":120,"s:288:4:288:Infinity":121,"s:289:4:289:Infinity":122,"s:290:4:290:Infinity":123,"s:292:4:292:Infinity":124,"s:293:4:293:Infinity":125,"f:300:9:300:23":10,"s:301:15:301:Infinity":126,"s:304:2:304:Infinity":127,"s:305:2:305:Infinity":128,"s:308:2:308:Infinity":129,"s:309:2:309:Infinity":130,"s:310:2:310:Infinity":131,"s:311:2:311:Infinity":132,"s:312:2:312:Infinity":133,"s:313:2:313:Infinity":134,"s:315:19:321:Infinity":135,"s:323:20:323:Infinity":136,"s:325:2:338:Infinity":137,"f:325:19:325:20":11,"s:326:14:326:Infinity":138,"s:328:4:328:Infinity":139,"b:328:36:328:57:328:57:328:Infinity":10,"s:331:4:331:Infinity":140,"s:332:4:332:Infinity":141,"s:333:4:333:Infinity":142,"s:336:4:336:Infinity":143,"s:337:4:337:Infinity":144,"s:341:2:341:Infinity":145,"s:342:2:342:Infinity":146,"s:343:2:343:Infinity":147,"s:344:2:344:Infinity":148,"f:350:16:350:45":12,"s:351:40:351:Infinity":149,"s:352:17:352:Infinity":150,"s:353:18:353:Infinity":151,"s:356:17:359:Infinity":152,"f:357:18:357:23":13,"s:357:23:357:32":153,"f:357:41:357:42":14,"s:357:53:357:66":154,"s:361:2:369:Infinity":155,"f:375:22:375:43":15,"s:376:8:376:Infinity":156,"s:377:14:377:Infinity":157,"s:380:2:380:Infinity":158,"s:381:2:381:Infinity":159,"s:384:17:384:Infinity":160,"s:385:18:385:Infinity":161,"s:388:2:388:Infinity":162,"s:389:2:389:Infinity":163,"s:392:17:392:Infinity":164,"s:393:20:393:Infinity":165,"s:395:2:398:Infinity":166,"s:395:15:395:18":167,"s:396:4:396:Infinity":168,"s:397:4:397:Infinity":169,"s:401:2:401:Infinity":170,"s:404:2:404:Infinity":171,"s:406:2:406:Infinity":172,"f:412:16:412:34":16,"s:413:2:428:Infinity":173,"s:431:29:435:Infinity":174}}}
,"/Users/hieuho/GoldScalpingBot/apps/signal-bot/src/services/indicators.ts": {"path":"/Users/hieuho/GoldScalpingBot/apps/signal-bot/src/services/indicators.ts","statementMap":{"0":{"start":{"line":7,"column":24},"end":{"line":7,"column":null}},"1":{"start":{"line":8,"column":21},"end":{"line":8,"column":null}},"2":{"start":{"line":11,"column":12},"end":{"line":11,"column":null}},"3":{"start":{"line":12,"column":2},"end":{"line":14,"column":null}},"4":{"start":{"line":12,"column":15},"end":{"line":12,"column":18}},"5":{"start":{"line":13,"column":4},"end":{"line":13,"column":null}},"6":{"start":{"line":15,"column":2},"end":{"line":15,"column":null}},"7":{"start":{"line":18,"column":2},"end":{"line":21,"column":null}},"8":{"start":{"line":18,"column":15},"end":{"line":18,"column":23}},"9":{"start":{"line":19,"column":10},"end":{"line":19,"column":null}},"10":{"start":{"line":20,"column":4},"end":{"line":20,"column":null}},"11":{"start":{"line":23,"column":2},"end":{"line":23,"column":null}},"12":{"start":{"line":30,"column":2},"end":{"line":32,"column":null}},"13":{"start":{"line":31,"column":4},"end":{"line":31,"column":null}},"14":{"start":{"line":34,"column":17},"end":{"line":34,"column":null}},"15":{"start":{"line":34,"column":34},"end":{"line":34,"column":41}},"16":{"start":{"line":35,"column":26},"end":{"line":35,"column":null}},"17":{"start":{"line":36,"column":27},"end":{"line":36,"column":null}},"18":{"start":{"line":38,"column":2},"end":{"line":42,"column":null}},"19":{"start":{"line":38,"column":15},"end":{"line":38,"column":18}},"20":{"start":{"line":39,"column":19},"end":{"line":39,"column":null}},"21":{"start":{"line":40,"column":4},"end":{"line":40,"column":null}},"22":{"start":{"line":41,"column":4},"end":{"line":41,"column":null}},"23":{"start":{"line":45,"column":16},"end":{"line":45,"column":null}},"24":{"start":{"line":45,"column":56},"end":{"line":45,"column":63}},"25":{"start":{"line":46,"column":16},"end":{"line":46,"column":null}},"26":{"start":{"line":46,"column":57},"end":{"line":46,"column":64}},"27":{"start":{"line":49,"column":2},"end":{"line":52,"column":null}},"28":{"start":{"line":49,"column":15},"end":{"line":49,"column":23}},"29":{"start":{"line":50,"column":4},"end":{"line":50,"column":null}},"30":{"start":{"line":51,"column":4},"end":{"line":51,"column":null}},"31":{"start":{"line":54,"column":13},"end":{"line":54,"column":null}},"32":{"start":{"line":55,"column":14},"end":{"line":55,"column":null}},"33":{"start":{"line":57,"column":2},"end":{"line":61,"column":null}},"34":{"start":{"line":73,"column":17},"end":{"line":73,"column":null}},"35":{"start":{"line":73,"column":34},"end":{"line":73,"column":41}},"36":{"start":{"line":75,"column":2},"end":{"line":77,"column":null}},"37":{"start":{"line":76,"column":4},"end":{"line":76,"column":null}},"38":{"start":{"line":79,"column":18},"end":{"line":79,"column":null}},"39":{"start":{"line":80,"column":18},"end":{"line":80,"column":null}},"40":{"start":{"line":83,"column":29},"end":{"line":83,"column":null}},"41":{"start":{"line":84,"column":17},"end":{"line":84,"column":null}},"42":{"start":{"line":86,"column":2},"end":{"line":88,"column":null}},"43":{"start":{"line":86,"column":15},"end":{"line":86,"column":18}},"44":{"start":{"line":87,"column":4},"end":{"line":87,"column":null}},"45":{"start":{"line":91,"column":21},"end":{"line":91,"column":null}},"46":{"start":{"line":93,"column":15},"end":{"line":93,"column":null}},"47":{"start":{"line":94,"column":17},"end":{"line":94,"column":null}},"48":{"start":{"line":95,"column":20},"end":{"line":95,"column":null}},"49":{"start":{"line":97,"column":2},"end":{"line":102,"column":null}},"50":{"start":{"line":113,"column":17},"end":{"line":113,"column":null}},"51":{"start":{"line":113,"column":34},"end":{"line":113,"column":41}},"52":{"start":{"line":115,"column":2},"end":{"line":117,"column":null}},"53":{"start":{"line":116,"column":4},"end":{"line":116,"column":null}},"54":{"start":{"line":119,"column":18},"end":{"line":119,"column":null}},"55":{"start":{"line":120,"column":18},"end":{"line":120,"column":null}},"56":{"start":{"line":122,"column":17},"end":{"line":122,"column":null}},"57":{"start":{"line":123,"column":22},"end":{"line":123,"column":null}},"58":{"start":{"line":124,"column":22},"end":{"line":124,"column":null}},"59":{"start":{"line":125,"column":19},"end":{"line":125,"column":null}},"60":{"start":{"line":126,"column":19},"end":{"line":126,"column":null}},"61":{"start":{"line":128,"column":50},"end":{"line":128,"column":null}},"62":{"start":{"line":131,"column":2},"end":{"line":137,"column":null}},"63":{"start":{"line":132,"column":4},"end":{"line":132,"column":null}},"64":{"start":{"line":133,"column":2},"end":{"line":137,"column":null}},"65":{"start":{"line":136,"column":4},"end":{"line":136,"column":null}},"66":{"start":{"line":139,"column":2},"end":{"line":143,"column":null}},"67":{"start":{"line":150,"column":2},"end":{"line":154,"column":null}},"68":{"start":{"line":157,"column":26},"end":{"line":163,"column":null}}},"fnMap":{"0":{"name":"calculateEMA","decl":{"start":{"line":6,"column":16},"end":{"line":6,"column":29}},"loc":{"start":{"line":6,"column":73},"end":{"line":24,"column":null}},"line":6},"1":{"name":"calculateRSI","decl":{"start":{"line":29,"column":16},"end":{"line":29,"column":29}},"loc":{"start":{"line":29,"column":80},"end":{"line":62,"column":null}},"line":29},"2":{"name":"(anonymous_2)","decl":{"start":{"line":34,"column":29},"end":{"line":34,"column":34}},"loc":{"start":{"line":34,"column":34},"end":{"line":34,"column":41}},"line":34},"3":{"name":"(anonymous_3)","decl":{"start":{"line":45,"column":46},"end":{"line":45,"column":47}},"loc":{"start":{"line":45,"column":56},"end":{"line":45,"column":63}},"line":45},"4":{"name":"(anonymous_4)","decl":{"start":{"line":46,"column":47},"end":{"line":46,"column":48}},"loc":{"start":{"line":46,"column":57},"end":{"line":46,"column":64}},"line":46},"5":{"name":"calculateMACD","decl":{"start":{"line":67,"column":16},"end":{"line":67,"column":null}},"loc":{"start":{"line":72,"column":14},"end":{"line":103,"column":null}},"line":72},"6":{"name":"(anonymous_6)","decl":{"start":{"line":73,"column":29},"end":{"line":73,"column":34}},"loc":{"start":{"line":73,"column":34},"end":{"line":73,"column":41}},"line":73},"7":{"name":"calculateEMACrossover","decl":{"start":{"line":108,"column":16},"end":{"line":108,"column":null}},"loc":{"start":{"line":112,"column":13},"end":{"line":144,"column":null}},"line":112},"8":{"name":"(anonymous_8)","decl":{"start":{"line":113,"column":29},"end":{"line":113,"column":34}},"loc":{"start":{"line":113,"column":34},"end":{"line":113,"column":41}},"line":113},"9":{"name":"analyzeIndicators","decl":{"start":{"line":149,"column":16},"end":{"line":149,"column":34}},"loc":{"start":{"line":149,"column":53},"end":{"line":155,"column":null}},"line":149}},"branchMap":{"0":{"loc":{"start":{"line":12,"column":18},"end":{"line":12,"column":51}},"type":"binary-expr","locations":[{"start":{"line":12,"column":18},"end":{"line":12,"column":32}},{"start":{"line":12,"column":32},"end":{"line":12,"column":51}}],"line":12},"1":{"loc":{"start":{"line":29,"column":48},"end":{"line":29,"column":80}},"type":"default-arg","locations":[{"start":{"line":29,"column":65},"end":{"line":29,"column":80}}],"line":29},"2":{"loc":{"start":{"line":30,"column":2},"end":{"line":32,"column":null}},"type":"if","locations":[{"start":{"line":30,"column":2},"end":{"line":32,"column":null}},{"start":{},"end":{}}],"line":30},"3":{"loc":{"start":{"line":40,"column":15},"end":{"line":40,"column":38}},"type":"cond-expr","locations":[{"start":{"line":40,"column":28},"end":{"line":40,"column":37}},{"start":{"line":40,"column":37},"end":{"line":40,"column":38}}],"line":40},"4":{"loc":{"start":{"line":41,"column":16},"end":{"line":41,"column":49}},"type":"cond-expr","locations":[{"start":{"line":41,"column":29},"end":{"line":41,"column":48}},{"start":{"line":41,"column":48},"end":{"line":41,"column":49}}],"line":41},"5":{"loc":{"start":{"line":54,"column":13},"end":{"line":54,"column":null}},"type":"cond-expr","locations":[{"start":{"line":54,"column":29},"end":{"line":54,"column":35}},{"start":{"line":54,"column":35},"end":{"line":54,"column":null}}],"line":54},"6":{"loc":{"start":{"line":69,"column":2},"end":{"line":69,"column":null}},"type":"default-arg","locations":[{"start":{"line":69,"column":23},"end":{"line":69,"column":null}}],"line":69},"7":{"loc":{"start":{"line":70,"column":2},"end":{"line":70,"column":null}},"type":"default-arg","locations":[{"start":{"line":70,"column":23},"end":{"line":70,"column":null}}],"line":70},"8":{"loc":{"start":{"line":71,"column":2},"end":{"line":71,"column":null}},"type":"default-arg","locations":[{"start":{"line":71,"column":25},"end":{"line":71,"column":null}}],"line":71},"9":{"loc":{"start":{"line":75,"column":2},"end":{"line":77,"column":null}},"type":"if","locations":[{"start":{"line":75,"column":2},"end":{"line":77,"column":null}},{"start":{},"end":{}}],"line":75},"10":{"loc":{"start":{"line":110,"column":2},"end":{"line":110,"column":null}},"type":"default-arg","locations":[{"start":{"line":110,"column":23},"end":{"line":110,"column":null}}],"line":110},"11":{"loc":{"start":{"line":111,"column":2},"end":{"line":111,"column":null}},"type":"default-arg","locations":[{"start":{"line":111,"column":23},"end":{"line":111,"column":null}}],"line":111},"12":{"loc":{"start":{"line":115,"column":2},"end":{"line":117,"column":null}},"type":"if","locations":[{"start":{"line":115,"column":2},"end":{"line":117,"column":null}},{"start":{},"end":{}}],"line":115},"13":{"loc":{"start":{"line":131,"column":2},"end":{"line":137,"column":null}},"type":"if","locations":[{"start":{"line":131,"column":2},"end":{"line":137,"column":null}},{"start":{"line":133,"column":2},"end":{"line":137,"column":null}}],"line":131},"14":{"loc":{"start":{"line":131,"column":6},"end":{"line":131,"column":57}},"type":"binary-expr","locations":[{"start":{"line":131,"column":6},"end":{"line":131,"column":30}},{"start":{"line":131,"column":30},"end":{"line":131,"column":57}}],"line":131},"15":{"loc":{"start":{"line":133,"column":2},"end":{"line":137,"column":null}},"type":"if","locations":[{"start":{"line":133,"column":2},"end":{"line":137,"column":null}},{"start":{},"end":{}}],"line":133},"16":{"loc":{"start":{"line":135,"column":11},"end":{"line":135,"column":62}},"type":"binary-expr","locations":[{"start":{"line":135,"column":11},"end":{"line":135,"column":35}},{"start":{"line":135,"column":35},"end":{"line":135,"column":62}}],"line":135}},"s":{"0":0,"1":0,"2":0,"3":0,"4":0,"5":0,"6":0,"7":0,"8":0,"9":0,"10":0,"11":0,"12":0,"13":0,"14":0,"15":0,"16":0,"17":0,"18":0,"19":0,"20":0,"21":0,"22":0,"23":0,"24":0,"25":0,"26":0,"27":0,"28":0,"29":0,"30":0,"31":0,"32":0,"33":0,"34":0,"35":0,"36":0,"37":0,"38":0,"39":0,"40":0,"41":0,"42":0,"43":0,"44":0,"45":0,"46":0,"47":0,"48":0,"49":0,"50":0,"51":0,"52":0,"53":0,"54":0,"55":0,"56":0,"57":0,"58":0,"59":0,"60":0,"61":0,"62":0,"63":0,"64":0,"65":0,"66":0,"67":0,"68":1},"f":{"0":0,"1":0,"2":0,"3":0,"4":0,"5":0,"6":0,"7":0,"8":0,"9":0},"b":{"0":[0,0],"1":[0],"2":[0,0],"3":[0,0],"4":[0,0],"5":[0,0],"6":[0],"7":[0],"8":[0],"9":[0,0],"10":[0],"11":[0],"12":[0,0],"13":[0,0],"14":[0,0],"15":[0,0],"16":[0,0]},"meta":{"lastBranch":17,"lastFunction":10,"lastStatement":69,"seen":{"f:6:16:6:29":0,"s:7:24:7:Infinity":0,"s:8:21:8:Infinity":1,"s:11:12:11:Infinity":2,"s:12:2:14:Infinity":3,"s:12:15:12:18":4,"b:12:18:12:32:12:32:12:51":0,"s:13:4:13:Infinity":5,"s:15:2:15:Infinity":6,"s:18:2:21:Infinity":7,"s:18:15:18:23":8,"s:19:10:19:Infinity":9,"s:20:4:20:Infinity":10,"s:23:2:23:Infinity":11,"f:29:16:29:29":1,"b:29:65:29:80":1,"b:30:2:32:Infinity:undefined:undefined:undefined:undefined":2,"s:30:2:32:Infinity":12,"s:31:4:31:Infinity":13,"s:34:17:34:Infinity":14,"f:34:29:34:34":2,"s:34:34:34:41":15,"s:35:26:35:Infinity":16,"s:36:27:36:Infinity":17,"s:38:2:42:Infinity":18,"s:38:15:38:18":19,"s:39:19:39:Infinity":20,"s:40:4:40:Infinity":21,"b:40:28:40:37:40:37:40:38":3,"s:41:4:41:Infinity":22,"b:41:29:41:48:41:48:41:49":4,"s:45:16:45:Infinity":23,"f:45:46:45:47":3,"s:45:56:45:63":24,"s:46:16:46:Infinity":25,"f:46:47:46:48":4,"s:46:57:46:64":26,"s:49:2:52:Infinity":27,"s:49:15:49:23":28,"s:50:4:50:Infinity":29,"s:51:4:51:Infinity":30,"s:54:13:54:Infinity":31,"b:54:29:54:35:54:35:54:Infinity":5,"s:55:14:55:Infinity":32,"s:57:2:61:Infinity":33,"f:67:16:67:Infinity":5,"b:69:23:69:Infinity":6,"b:70:23:70:Infinity":7,"b:71:25:71:Infinity":8,"s:73:17:73:Infinity":34,"f:73:29:73:34":6,"s:73:34:73:41":35,"b:75:2:77:Infinity:undefined:undefined:undefined:undefined":9,"s:75:2:77:Infinity":36,"s:76:4:76:Infinity":37,"s:79:18:79:Infinity":38,"s:80:18:80:Infinity":39,"s:83:29:83:Infinity":40,"s:84:17:84:Infinity":41,"s:86:2:88:Infinity":42,"s:86:15:86:18":43,"s:87:4:87:Infinity":44,"s:91:21:91:Infinity":45,"s:93:15:93:Infinity":46,"s:94:17:94:Infinity":47,"s:95:20:95:Infinity":48,"s:97:2:102:Infinity":49,"f:108:16:108:Infinity":7,"b:110:23:110:Infinity":10,"b:111:23:111:Infinity":11,"s:113:17:113:Infinity":50,"f:113:29:113:34":8,"s:113:34:113:41":51,"b:115:2:117:Infinity:undefined:undefined:undefined:undefined":12,"s:115:2:117:Infinity":52,"s:116:4:116:Infinity":53,"s:119:18:119:Infinity":54,"s:120:18:120:Infinity":55,"s:122:17:122:Infinity":56,"s:123:22:123:Infinity":57,"s:124:22:124:Infinity":58,"s:125:19:125:Infinity":59,"s:126:19:126:Infinity":60,"s:128:50:128:Infinity":61,"b:131:2:137:Infinity:133:2:137:Infinity":13,"s:131:2:137:Infinity":62,"b:131:6:131:30:131:30:131:57":14,"s:132:4:132:Infinity":63,"b:133:2:137:Infinity:undefined:undefined:undefined:undefined":15,"s:133:2:137:Infinity":64,"b:135:11:135:35:135:35:135:62":16,"s:136:4:136:Infinity":65,"s:139:2:143:Infinity":66,"f:149:16:149:34":9,"s:150:2:154:Infinity":67,"s:157:26:163:Infinity":68}}}
,"/Users/hieuho/GoldScalpingBot/apps/signal-bot/src/services/market-data.ts": {"path":"/Users/hieuho/GoldScalpingBot/apps/signal-bot/src/services/market-data.ts","statementMap":{"0":{"start":{"line":4,"column":23},"end":{"line":4,"column":null}},"1":{"start":{"line":7,"column":19},"end":{"line":7,"column":null}},"2":{"start":{"line":8,"column":23},"end":{"line":8,"column":null}},"3":{"start":{"line":9,"column":36},"end":{"line":9,"column":null}},"4":{"start":{"line":12,"column":70},"end":{"line":12,"column":null}},"5":{"start":{"line":13,"column":21},"end":{"line":13,"column":null}},"6":{"start":{"line":19,"column":14},"end":{"line":19,"column":null}},"7":{"start":{"line":21,"column":2},"end":{"line":23,"column":null}},"8":{"start":{"line":22,"column":4},"end":{"line":22,"column":null}},"9":{"start":{"line":24,"column":2},"end":{"line":24,"column":null}},"10":{"start":{"line":31,"column":2},"end":{"line":36,"column":null}},"11":{"start":{"line":32,"column":23},"end":{"line":32,"column":null}},"12":{"start":{"line":33,"column":21},"end":{"line":33,"column":null}},"13":{"start":{"line":34,"column":4},"end":{"line":34,"column":null}},"14":{"start":{"line":35,"column":4},"end":{"line":35,"column":null}},"15":{"start":{"line":35,"column":33},"end":{"line":35,"column":62}},"16":{"start":{"line":43,"column":2},"end":{"line":43,"column":null}},"17":{"start":{"line":70,"column":2},"end":{"line":73,"column":null}},"18":{"start":{"line":71,"column":4},"end":{"line":71,"column":null}},"19":{"start":{"line":72,"column":4},"end":{"line":72,"column":null}},"20":{"start":{"line":75,"column":2},"end":{"line":78,"column":null}},"21":{"start":{"line":76,"column":4},"end":{"line":76,"column":null}},"22":{"start":{"line":77,"column":4},"end":{"line":77,"column":null}},"23":{"start":{"line":81,"column":2},"end":{"line":81,"column":null}},"24":{"start":{"line":83,"column":14},"end":{"line":83,"column":null}},"25":{"start":{"line":84,"column":2},"end":{"line":84,"column":null}},"26":{"start":{"line":85,"column":2},"end":{"line":85,"column":null}},"27":{"start":{"line":86,"column":2},"end":{"line":86,"column":null}},"28":{"start":{"line":87,"column":2},"end":{"line":87,"column":null}},"29":{"start":{"line":89,"column":2},"end":{"line":116,"column":null}},"30":{"start":{"line":90,"column":4},"end":{"line":90,"column":null}},"31":{"start":{"line":91,"column":4},"end":{"line":91,"column":null}},"32":{"start":{"line":92,"column":21},"end":{"line":92,"column":null}},"33":{"start":{"line":93,"column":17},"end":{"line":93,"column":null}},"34":{"start":{"line":95,"column":4},"end":{"line":98,"column":null}},"35":{"start":{"line":96,"column":6},"end":{"line":96,"column":null}},"36":{"start":{"line":97,"column":6},"end":{"line":97,"column":null}},"37":{"start":{"line":100,"column":4},"end":{"line":103,"column":null}},"38":{"start":{"line":101,"column":6},"end":{"line":101,"column":null}},"39":{"start":{"line":102,"column":6},"end":{"line":102,"column":null}},"40":{"start":{"line":105,"column":4},"end":{"line":112,"column":null}},"41":{"start":{"line":105,"column":40},"end":{"line":112,"column":6}},"42":{"start":{"line":114,"column":4},"end":{"line":114,"column":null}},"43":{"start":{"line":115,"column":4},"end":{"line":115,"column":null}},"44":{"start":{"line":124,"column":2},"end":{"line":126,"column":null}},"45":{"start":{"line":125,"column":4},"end":{"line":125,"column":null}},"46":{"start":{"line":128,"column":2},"end":{"line":131,"column":null}},"47":{"start":{"line":129,"column":4},"end":{"line":129,"column":null}},"48":{"start":{"line":130,"column":4},"end":{"line":130,"column":null}},"49":{"start":{"line":134,"column":17},"end":{"line":134,"column":null}},"50":{"start":{"line":135,"column":2},"end":{"line":138,"column":null}},"51":{"start":{"line":136,"column":4},"end":{"line":136,"column":null}},"52":{"start":{"line":137,"column":4},"end":{"line":137,"column":null}},"53":{"start":{"line":141,"column":2},"end":{"line":141,"column":null}},"54":{"start":{"line":143,"column":14},"end":{"line":143,"column":null}},"55":{"start":{"line":144,"column":2},"end":{"line":144,"column":null}},"56":{"start":{"line":145,"column":2},"end":{"line":145,"column":null}},"57":{"start":{"line":147,"column":2},"end":{"line":171,"column":null}},"58":{"start":{"line":148,"column":4},"end":{"line":148,"column":null}},"59":{"start":{"line":149,"column":4},"end":{"line":149,"column":null}},"60":{"start":{"line":150,"column":21},"end":{"line":150,"column":null}},"61":{"start":{"line":151,"column":17},"end":{"line":151,"column":null}},"62":{"start":{"line":154,"column":4},"end":{"line":157,"column":null}},"63":{"start":{"line":155,"column":6},"end":{"line":155,"column":null}},"64":{"start":{"line":156,"column":6},"end":{"line":156,"column":null}},"65":{"start":{"line":159,"column":18},"end":{"line":159,"column":null}},"66":{"start":{"line":160,"column":4},"end":{"line":163,"column":null}},"67":{"start":{"line":161,"column":6},"end":{"line":161,"column":null}},"68":{"start":{"line":162,"column":6},"end":{"line":162,"column":null}},"69":{"start":{"line":166,"column":4},"end":{"line":166,"column":null}},"70":{"start":{"line":167,"column":4},"end":{"line":167,"column":null}},"71":{"start":{"line":169,"column":4},"end":{"line":169,"column":null}},"72":{"start":{"line":170,"column":4},"end":{"line":170,"column":null}},"73":{"start":{"line":179,"column":18},"end":{"line":179,"column":null}},"74":{"start":{"line":180,"column":23},"end":{"line":180,"column":null}},"75":{"start":{"line":182,"column":2},"end":{"line":187,"column":null}},"76":{"start":{"line":194,"column":14},"end":{"line":194,"column":null}},"77":{"start":{"line":195,"column":22},"end":{"line":195,"column":null}},"78":{"start":{"line":195,"column":52},"end":{"line":195,"column":76}},"79":{"start":{"line":196,"column":2},"end":{"line":199,"column":null}},"80":{"start":{"line":204,"column":45},"end":{"line":211,"column":null}},"81":{"start":{"line":212,"column":15},"end":{"line":212,"column":null}},"82":{"start":{"line":214,"column":16},"end":{"line":214,"column":null}},"83":{"start":{"line":215,"column":2},"end":{"line":215,"column":null}},"84":{"start":{"line":216,"column":2},"end":{"line":216,"column":null}},"85":{"start":{"line":220,"column":28},"end":{"line":220,"column":null}},"86":{"start":{"line":221,"column":14},"end":{"line":221,"column":null}},"87":{"start":{"line":222,"column":14},"end":{"line":222,"column":null}},"88":{"start":{"line":223,"column":17},"end":{"line":223,"column":null}},"89":{"start":{"line":225,"column":2},"end":{"line":242,"column":null}},"90":{"start":{"line":225,"column":15},"end":{"line":225,"column":26}},"91":{"start":{"line":226,"column":10},"end":{"line":226,"column":null}},"92":{"start":{"line":227,"column":17},"end":{"line":227,"column":null}},"93":{"start":{"line":228,"column":18},"end":{"line":228,"column":null}},"94":{"start":{"line":229,"column":17},"end":{"line":229,"column":null}},"95":{"start":{"line":230,"column":16},"end":{"line":230,"column":null}},"96":{"start":{"line":232,"column":4},"end":{"line":239,"column":null}},"97":{"start":{"line":241,"column":4},"end":{"line":241,"column":null}},"98":{"start":{"line":244,"column":2},"end":{"line":244,"column":null}},"99":{"start":{"line":247,"column":26},"end":{"line":252,"column":null}}},"fnMap":{"0":{"name":"canMakeApiCall","decl":{"start":{"line":18,"column":9},"end":{"line":18,"column":35}},"loc":{"start":{"line":18,"column":35},"end":{"line":25,"column":null}},"line":18},"1":{"name":"waitForRateLimit","decl":{"start":{"line":30,"column":15},"end":{"line":30,"column":49}},"loc":{"start":{"line":30,"column":49},"end":{"line":37,"column":null}},"line":30},"2":{"name":"(anonymous_2)","decl":{"start":{"line":35,"column":22},"end":{"line":35,"column":33}},"loc":{"start":{"line":35,"column":33},"end":{"line":35,"column":62}},"line":35},"3":{"name":"recordApiCall","decl":{"start":{"line":42,"column":9},"end":{"line":42,"column":31}},"loc":{"start":{"line":42,"column":31},"end":{"line":44,"column":null}},"line":42},"4":{"name":"fetchCandles","decl":{"start":{"line":64,"column":22},"end":{"line":64,"column":null}},"loc":{"start":{"line":68,"column":21},"end":{"line":117,"column":null}},"line":68},"5":{"name":"(anonymous_5)","decl":{"start":{"line":105,"column":27},"end":{"line":105,"column":28}},"loc":{"start":{"line":105,"column":40},"end":{"line":112,"column":6}},"line":105},"6":{"name":"getCurrentPrice","decl":{"start":{"line":122,"column":22},"end":{"line":122,"column":38}},"loc":{"start":{"line":122,"column":71},"end":{"line":172,"column":null}},"line":122},"7":{"name":"getMarketData","decl":{"start":{"line":177,"column":22},"end":{"line":177,"column":36}},"loc":{"start":{"line":177,"column":73},"end":{"line":188,"column":null}},"line":177},"8":{"name":"getApiUsageStats","decl":{"start":{"line":193,"column":16},"end":{"line":193,"column":81}},"loc":{"start":{"line":193,"column":81},"end":{"line":200,"column":null}},"line":193},"9":{"name":"(anonymous_9)","decl":{"start":{"line":195,"column":47},"end":{"line":195,"column":52}},"loc":{"start":{"line":195,"column":52},"end":{"line":195,"column":76}},"line":195},"10":{"name":"getMockPrice","decl":{"start":{"line":203,"column":9},"end":{"line":203,"column":22}},"loc":{"start":{"line":203,"column":46},"end":{"line":217,"column":null}},"line":203},"11":{"name":"generateMockCandles","decl":{"start":{"line":219,"column":9},"end":{"line":219,"column":29}},"loc":{"start":{"line":219,"column":70},"end":{"line":245,"column":null}},"line":219}},"branchMap":{"0":{"loc":{"start":{"line":21,"column":9},"end":{"line":21,"column":86}},"type":"binary-expr","locations":[{"start":{"line":21,"column":9},"end":{"line":21,"column":41}},{"start":{"line":21,"column":41},"end":{"line":21,"column":86}}],"line":21},"1":{"loc":{"start":{"line":66,"column":2},"end":{"line":66,"column":null}},"type":"default-arg","locations":[{"start":{"line":66,"column":21},"end":{"line":66,"column":null}}],"line":66},"2":{"loc":{"start":{"line":67,"column":2},"end":{"line":67,"column":null}},"type":"default-arg","locations":[{"start":{"line":67,"column":23},"end":{"line":67,"column":null}}],"line":67},"3":{"loc":{"start":{"line":70,"column":2},"end":{"line":73,"column":null}},"type":"if","locations":[{"start":{"line":70,"column":2},"end":{"line":73,"column":null}},{"start":{},"end":{}}],"line":70},"4":{"loc":{"start":{"line":70,"column":6},"end":{"line":70,"column":59}},"type":"binary-expr","locations":[{"start":{"line":70,"column":6},"end":{"line":70,"column":34}},{"start":{"line":70,"column":34},"end":{"line":70,"column":59}}],"line":70},"5":{"loc":{"start":{"line":75,"column":2},"end":{"line":78,"column":null}},"type":"if","locations":[{"start":{"line":75,"column":2},"end":{"line":78,"column":null}},{"start":{},"end":{}}],"line":75},"6":{"loc":{"start":{"line":95,"column":4},"end":{"line":98,"column":null}},"type":"if","locations":[{"start":{"line":95,"column":4},"end":{"line":98,"column":null}},{"start":{},"end":{}}],"line":95},"7":{"loc":{"start":{"line":100,"column":4},"end":{"line":103,"column":null}},"type":"if","locations":[{"start":{"line":100,"column":4},"end":{"line":103,"column":null}},{"start":{},"end":{}}],"line":100},"8":{"loc":{"start":{"line":100,"column":8},"end":{"line":100,"column":50}},"type":"binary-expr","locations":[{"start":{"line":100,"column":8},"end":{"line":100,"column":24}},{"start":{"line":100,"column":24},"end":{"line":100,"column":50}}],"line":100},"9":{"loc":{"start":{"line":111,"column":14},"end":{"line":111,"column":null}},"type":"cond-expr","locations":[{"start":{"line":111,"column":30},"end":{"line":111,"column":58}},{"start":{"line":111,"column":58},"end":{"line":111,"column":null}}],"line":111},"10":{"loc":{"start":{"line":124,"column":2},"end":{"line":126,"column":null}},"type":"if","locations":[{"start":{"line":124,"column":2},"end":{"line":126,"column":null}},{"start":{},"end":{}}],"line":124},"11":{"loc":{"start":{"line":124,"column":6},"end":{"line":124,"column":59}},"type":"binary-expr","locations":[{"start":{"line":124,"column":6},"end":{"line":124,"column":34}},{"start":{"line":124,"column":34},"end":{"line":124,"column":59}}],"line":124},"12":{"loc":{"start":{"line":128,"column":2},"end":{"line":131,"column":null}},"type":"if","locations":[{"start":{"line":128,"column":2},"end":{"line":131,"column":null}},{"start":{},"end":{}}],"line":128},"13":{"loc":{"start":{"line":135,"column":2},"end":{"line":138,"column":null}},"type":"if","locations":[{"start":{"line":135,"column":2},"end":{"line":138,"column":null}},{"start":{},"end":{}}],"line":135},"14":{"loc":{"start":{"line":135,"column":6},"end":{"line":135,"column":62}},"type":"binary-expr","locations":[{"start":{"line":135,"column":6},"end":{"line":135,"column":16}},{"start":{"line":135,"column":16},"end":{"line":135,"column":62}}],"line":135},"15":{"loc":{"start":{"line":154,"column":4},"end":{"line":157,"column":null}},"type":"if","locations":[{"start":{"line":154,"column":4},"end":{"line":157,"column":null}},{"start":{},"end":{}}],"line":154},"16":{"loc":{"start":{"line":154,"column":8},"end":{"line":154,"column":48}},"type":"binary-expr","locations":[{"start":{"line":154,"column":8},"end":{"line":154,"column":35}},{"start":{"line":154,"column":35},"end":{"line":154,"column":48}}],"line":154},"17":{"loc":{"start":{"line":155,"column":62},"end":{"line":155,"column":93}},"type":"binary-expr","locations":[{"start":{"line":155,"column":62},"end":{"line":155,"column":78}},{"start":{"line":155,"column":78},"end":{"line":155,"column":93}}],"line":155},"18":{"loc":{"start":{"line":160,"column":4},"end":{"line":163,"column":null}},"type":"if","locations":[{"start":{"line":160,"column":4},"end":{"line":163,"column":null}},{"start":{},"end":{}}],"line":160},"19":{"loc":{"start":{"line":212,"column":15},"end":{"line":212,"column":null}},"type":"binary-expr","locations":[{"start":{"line":212,"column":15},"end":{"line":212,"column":37}},{"start":{"line":212,"column":37},"end":{"line":212,"column":null}}],"line":212}},"s":{"0":2,"1":2,"2":2,"3":2,"4":2,"5":2,"6":0,"7":0,"8":0,"9":0,"10":0,"11":0,"12":0,"13":0,"14":0,"15":0,"16":0,"17":0,"18":0,"19":0,"20":0,"21":0,"22":0,"23":0,"24":0,"25":0,"26":0,"27":0,"28":0,"29":0,"30":0,"31":0,"32":0,"33":0,"34":0,"35":0,"36":0,"37":0,"38":0,"39":0,"40":0,"41":0,"42":0,"43":0,"44":0,"45":0,"46":0,"47":0,"48":0,"49":0,"50":0,"51":0,"52":0,"53":0,"54":0,"55":0,"56":0,"57":0,"58":0,"59":0,"60":0,"61":0,"62":0,"63":0,"64":0,"65":0,"66":0,"67":0,"68":0,"69":0,"70":0,"71":0,"72":0,"73":0,"74":0,"75":0,"76":0,"77":0,"78":0,"79":0,"80":0,"81":0,"82":0,"83":0,"84":0,"85":0,"86":0,"87":0,"88":0,"89":0,"90":0,"91":0,"92":0,"93":0,"94":0,"95":0,"96":0,"97":0,"98":0,"99":2},"f":{"0":0,"1":0,"2":0,"3":0,"4":0,"5":0,"6":0,"7":0,"8":0,"9":0,"10":0,"11":0},"b":{"0":[0,0],"1":[0],"2":[0],"3":[0,0],"4":[0,0],"5":[0,0],"6":[0,0],"7":[0,0],"8":[0,0],"9":[0,0],"10":[0,0],"11":[0,0],"12":[0,0],"13":[0,0],"14":[0,0],"15":[0,0],"16":[0,0],"17":[0,0],"18":[0,0],"19":[0,0]},"meta":{"lastBranch":20,"lastFunction":12,"lastStatement":100,"seen":{"s:4:23:4:Infinity":0,"s:7:19:7:Infinity":1,"s:8:23:8:Infinity":2,"s:9:36:9:Infinity":3,"s:12:70:12:Infinity":4,"s:13:21:13:Infinity":5,"f:18:9:18:35":0,"s:19:14:19:Infinity":6,"s:21:2:23:Infinity":7,"b:21:9:21:41:21:41:21:86":0,"s:22:4:22:Infinity":8,"s:24:2:24:Infinity":9,"f:30:15:30:49":1,"s:31:2:36:Infinity":10,"s:32:23:32:Infinity":11,"s:33:21:33:Infinity":12,"s:34:4:34:Infinity":13,"s:35:4:35:Infinity":14,"f:35:22:35:33":2,"s:35:33:35:62":15,"f:42:9:42:31":3,"s:43:2:43:Infinity":16,"f:64:22:64:Infinity":4,"b:66:21:66:Infinity":1,"b:67:23:67:Infinity":2,"b:70:2:73:Infinity:undefined:undefined:undefined:undefined":3,"s:70:2:73:Infinity":17,"b:70:6:70:34:70:34:70:59":4,"s:71:4:71:Infinity":18,"s:72:4:72:Infinity":19,"b:75:2:78:Infinity:undefined:undefined:undefined:undefined":5,"s:75:2:78:Infinity":20,"s:76:4:76:Infinity":21,"s:77:4:77:Infinity":22,"s:81:2:81:Infinity":23,"s:83:14:83:Infinity":24,"s:84:2:84:Infinity":25,"s:85:2:85:Infinity":26,"s:86:2:86:Infinity":27,"s:87:2:87:Infinity":28,"s:89:2:116:Infinity":29,"s:90:4:90:Infinity":30,"s:91:4:91:Infinity":31,"s:92:21:92:Infinity":32,"s:93:17:93:Infinity":33,"b:95:4:98:Infinity:undefined:undefined:undefined:undefined":6,"s:95:4:98:Infinity":34,"s:96:6:96:Infinity":35,"s:97:6:97:Infinity":36,"b:100:4:103:Infinity:undefined:undefined:undefined:undefined":7,"s:100:4:103:Infinity":37,"b:100:8:100:24:100:24:100:50":8,"s:101:6:101:Infinity":38,"s:102:6:102:Infinity":39,"s:105:4:112:Infinity":40,"f:105:27:105:28":5,"s:105:40:112:6":41,"b:111:30:111:58:111:58:111:Infinity":9,"s:114:4:114:Infinity":42,"s:115:4:115:Infinity":43,"f:122:22:122:38":6,"b:124:2:126:Infinity:undefined:undefined:undefined:undefined":10,"s:124:2:126:Infinity":44,"b:124:6:124:34:124:34:124:59":11,"s:125:4:125:Infinity":45,"b:128:2:131:Infinity:undefined:undefined:undefined:undefined":12,"s:128:2:131:Infinity":46,"s:129:4:129:Infinity":47,"s:130:4:130:Infinity":48,"s:134:17:134:Infinity":49,"b:135:2:138:Infinity:undefined:undefined:undefined:undefined":13,"s:135:2:138:Infinity":50,"b:135:6:135:16:135:16:135:62":14,"s:136:4:136:Infinity":51,"s:137:4:137:Infinity":52,"s:141:2:141:Infinity":53,"s:143:14:143:Infinity":54,"s:144:2:144:Infinity":55,"s:145:2:145:Infinity":56,"s:147:2:171:Infinity":57,"s:148:4:148:Infinity":58,"s:149:4:149:Infinity":59,"s:150:21:150:Infinity":60,"s:151:17:151:Infinity":61,"b:154:4:157:Infinity:undefined:undefined:undefined:undefined":15,"s:154:4:157:Infinity":62,"b:154:8:154:35:154:35:154:48":16,"s:155:6:155:Infinity":63,"b:155:62:155:78:155:78:155:93":17,"s:156:6:156:Infinity":64,"s:159:18:159:Infinity":65,"b:160:4:163:Infinity:undefined:undefined:undefined:undefined":18,"s:160:4:163:Infinity":66,"s:161:6:161:Infinity":67,"s:162:6:162:Infinity":68,"s:166:4:166:Infinity":69,"s:167:4:167:Infinity":70,"s:169:4:169:Infinity":71,"s:170:4:170:Infinity":72,"f:177:22:177:36":7,"s:179:18:179:Infinity":73,"s:180:23:180:Infinity":74,"s:182:2:187:Infinity":75,"f:193:16:193:81":8,"s:194:14:194:Infinity":76,"s:195:22:195:Infinity":77,"f:195:47:195:52":9,"s:195:52:195:76":78,"s:196:2:199:Infinity":79,"f:203:9:203:22":10,"s:204:45:211:Infinity":80,"s:212:15:212:Infinity":81,"b:212:15:212:37:212:37:212:Infinity":19,"s:214:16:214:Infinity":82,"s:215:2:215:Infinity":83,"s:216:2:216:Infinity":84,"f:219:9:219:29":11,"s:220:28:220:Infinity":85,"s:221:14:221:Infinity":86,"s:222:14:222:Infinity":87,"s:223:17:223:Infinity":88,"s:225:2:242:Infinity":89,"s:225:15:225:26":90,"s:226:10:226:Infinity":91,"s:227:17:227:Infinity":92,"s:228:18:228:Infinity":93,"s:229:17:229:Infinity":94,"s:230:16:230:Infinity":95,"s:232:4:239:Infinity":96,"s:241:4:241:Infinity":97,"s:244:2:244:Infinity":98,"s:247:26:252:Infinity":99}}}
,"/Users/hieuho/GoldScalpingBot/apps/signal-bot/src/services/price-tracker.ts": {"path":"/Users/hieuho/GoldScalpingBot/apps/signal-bot/src/services/price-tracker.ts","statementMap":{"0":{"start":{"line":23,"column":19},"end":{"line":23,"column":null}},"1":{"start":{"line":25,"column":20},"end":{"line":27,"column":null}},"2":{"start":{"line":29,"column":2},"end":{"line":29,"column":null}},"3":{"start":{"line":39,"column":2},"end":{"line":70,"column":null}},"4":{"start":{"line":41,"column":4},"end":{"line":43,"column":null}},"5":{"start":{"line":42,"column":6},"end":{"line":42,"column":null}},"6":{"start":{"line":45,"column":4},"end":{"line":47,"column":null}},"7":{"start":{"line":46,"column":6},"end":{"line":46,"column":null}},"8":{"start":{"line":48,"column":4},"end":{"line":50,"column":null}},"9":{"start":{"line":49,"column":6},"end":{"line":49,"column":null}},"10":{"start":{"line":51,"column":4},"end":{"line":53,"column":null}},"11":{"start":{"line":52,"column":6},"end":{"line":52,"column":null}},"12":{"start":{"line":57,"column":4},"end":{"line":59,"column":null}},"13":{"start":{"line":58,"column":6},"end":{"line":58,"column":null}},"14":{"start":{"line":61,"column":4},"end":{"line":63,"column":null}},"15":{"start":{"line":62,"column":6},"end":{"line":62,"column":null}},"16":{"start":{"line":64,"column":4},"end":{"line":66,"column":null}},"17":{"start":{"line":65,"column":6},"end":{"line":65,"column":null}},"18":{"start":{"line":67,"column":4},"end":{"line":69,"column":null}},"19":{"start":{"line":68,"column":6},"end":{"line":68,"column":null}},"20":{"start":{"line":72,"column":2},"end":{"line":72,"column":null}},"21":{"start":{"line":79,"column":16},"end":{"line":79,"column":null}},"22":{"start":{"line":80,"column":14},"end":{"line":80,"column":null}},"23":{"start":{"line":81,"column":17},"end":{"line":81,"column":null}},"24":{"start":{"line":83,"column":16},"end":{"line":83,"column":null}},"25":{"start":{"line":84,"column":18},"end":{"line":84,"column":null}},"26":{"start":{"line":86,"column":2},"end":{"line":88,"column":null}},"27":{"start":{"line":87,"column":4},"end":{"line":87,"column":null}},"28":{"start":{"line":89,"column":2},"end":{"line":89,"column":null}},"29":{"start":{"line":96,"column":2},"end":{"line":128,"column":null}},"30":{"start":{"line":97,"column":25},"end":{"line":97,"column":null}},"31":{"start":{"line":98,"column":21},"end":{"line":98,"column":null}},"32":{"start":{"line":100,"column":4},"end":{"line":122,"column":null}},"33":{"start":{"line":101,"column":22},"end":{"line":101,"column":null}},"34":{"start":{"line":102,"column":12},"end":{"line":102,"column":null}},"35":{"start":{"line":105,"column":6},"end":{"line":110,"column":null}},"36":{"start":{"line":112,"column":6},"end":{"line":112,"column":null}},"37":{"start":{"line":114,"column":6},"end":{"line":121,"column":null}},"38":{"start":{"line":124,"column":4},"end":{"line":124,"column":null}},"39":{"start":{"line":126,"column":4},"end":{"line":126,"column":null}},"40":{"start":{"line":127,"column":4},"end":{"line":127,"column":null}},"41":{"start":{"line":135,"column":36},"end":{"line":135,"column":null}},"42":{"start":{"line":136,"column":24},"end":{"line":136,"column":null}},"43":{"start":{"line":138,"column":2},"end":{"line":141,"column":null}},"44":{"start":{"line":139,"column":4},"end":{"line":139,"column":null}},"45":{"start":{"line":140,"column":4},"end":{"line":140,"column":null}},"46":{"start":{"line":143,"column":2},"end":{"line":143,"column":null}},"47":{"start":{"line":145
[...]
6":9,"7":70,"8":1,"9":2,"10":3,"11":2,"12":41,"13":33,"14":7,"15":17,"16":17,"17":17,"18":17,"19":352,"20":5500,"21":409,"22":8,"23":0,"24":33,"25":2,"26":4},"b":{"0":[35,2],"1":[0,33],"2":[2,1],"3":[32,0],"4":[17,1],"5":[6,1],"6":[297,55],"7":[55,0],"8":[380,29],"9":[21,12]},"meta":{"lastBranch":10,"lastFunction":27,"lastStatement":91,"seen":{"s:5:25:5:Infinity":0,"s:6:21:6:Infinity":1,"s:7:20:7:Infinity":2,"s:8:25:8:Infinity":3,"s:21:47:21:Infinity":4,"s:23:31:23:Infinity":5,"s:24:47:24:Infinity":6,"s:25:24:25:Infinity":7,"f:27:2:27:14":0,"s:28:20:28:Infinity":8,"b:28:20:28:31:28:31:28:Infinity":0,"s:29:4:29:Infinity":9,"f:35:8:35:30":1,"b:36:4:36:Infinity:undefined:undefined:undefined:undefined":1,"s:36:4:36:Infinity":10,"s:36:26:36:Infinity":11,"s:37:4:37:Infinity":12,"s:38:4:38:Infinity":13,"s:39:4:39:Infinity":14,"f:45:16:45:47":2,"s:46:16:46:Infinity":15,"s:47:4:51:Infinity":16,"s:48:6:48:Infinity":17,"f:57:2:57:6":3,"s:58:4:58:Infinity":18,"s:59:4:59:Infinity":19,"s:60:4:60:Infinity":20,"f:66:2:66:6":4,"s:67:4:67:Infinity":21,"f:73:2:73:30":5,"s:74:4:74:Infinity":22,"f:74:52:74:57":6,"s:74:57:74:78":23,"f:80:2:80:27":7,"s:81:4:81:Infinity":24,"f:87:2:87:31":8,"s:88:10:88:Infinity":25,"s:89:4:89:Infinity":26,"f:89:35:89:40":9,"s:89:40:89:57":27,"f:95:2:95:9":10,"s:96:19:96:Infinity":28,"b:97:4:100:Infinity:undefined:undefined:undefined:undefined":2,"s:97:4:100:Infinity":29,"s:98:6:98:Infinity":30,"s:99:6:99:Infinity":31,"f:106:2:106:9":11,"s:107:4:107:Infinity":32,"s:108:4:108:Infinity":33,"f:114:8:114:30":12,"s:115:17:115:Infinity":34,"s:116:21:116:Infinity":35,"s:118:4:131:Infinity":36,"s:119:6:119:Infinity":37,"s:120:6:120:Infinity":38,"s:121:6:121:Infinity":39,"s:123:6:123:Infinity":40,"s:125:6:129:Infinity":41,"s:126:8:126:Infinity":42,"s:130:6:130:Infinity":43,"f:137:8:137:30":13,"s:138:4:154:Infinity":44,"s:139:22:139:Infinity":45,"s:140:35:140:Infinity":46,"s:142:6:142:Infinity":47,"s:143:6:145:Infinity":48,"s:144:8:144:Infinity":49,"s:147:6:147:Infinity":50,"b:149:6:153:Infinity:151:13:153:Infinity":3,"s:149:6:153:Infinity":51,"s:150:8:150:Infinity":52,"s:152:8:152:Infinity":53,"f:160:2:160:26":14,"s:161:16:161:Infinity":54,"s:162:17:162:Infinity":55,"f:162:28:162:33":15,"s:162:33:162:60":56,"s:163:19:163:Infinity":57,"f:163:30:163:35":16,"s:163:35:163:57":58,"s:164:20:164:Infinity":59,"f:164:31:164:36":17,"s:164:36:164:58":60,"s:165:22:165:Infinity":61,"f:165:33:165:34":18,"s:165:45:165:69":62,"b:165:52:165:65:165:65:165:69":4,"s:167:22:167:Infinity":63,"s:168:20:168:Infinity":64,"b:168:37:168:63:168:63:168:Infinity":5,"s:170:4:176:Infinity":65,"f:183:2:183:16":19,"b:184:4:184:Infinity:undefined:undefined:undefined:undefined":6,"s:184:4:184:Infinity":66,"s:184:46:184:Infinity":67,"s:186:19:187:Infinity":68,"f:187:12:187:13":20,"s:187:22:187:87":69,"s:189:21:189:Infinity":70,"s:190:4:192:Infinity":71,"s:191:6:191:Infinity":72,"b:194:4:197:Infinity:undefined:undefined:undefined:undefined":7,"s:194:4:197:Infinity":73,"s:195:6:195:Infinity":74,"s:196:6:196:Infinity":75,"f:203:10:203:31":21,"b:204:4:206:Infinity:undefined:undefined:undefined:undefined":8,"s:204:4:206:Infinity":76,"s:205:6:205:Infinity":77,"s:207:4:210:Infinity":78,"f:207:34:207:40":22,"s:208:6:208:Infinity":79,"f:208:24:208:31":23,"s:208:31:208:88":80,"s:209:6:209:Infinity":81,"f:216:8:216:31":24,"b:217:4:220:Infinity:undefined:undefined:undefined:undefined":9,"s:217:4:220:Infinity":82,"s:218:6:218:Infinity":83,"s:219:6:219:Infinity":84,"s:221:4:221:Infinity":85,"f:227:2:227:64":25,"s:228:16:228:Infinity":86,"s:229:19:229:Infinity":87,"f:229:30:229:35":26,"s:229:35:229:56":88,"s:230:4:234:Infinity":89,"s:239:27:239:Infinity":90}}}
,"/Users/hieuho/GoldScalpingBot/apps/signal-bot/src/services/signal-generator.ts": {"path":"/Users/hieuho/GoldScalpingBot/apps/signal-bot/src/services/signal-generator.ts","statementMap":{"0":{"start":{"line":7,"column":43},"end":{"line":7,"column":null}},"1":{"start":{"line":19,"column":8},"end":{"line":19,"column":null}},"2":{"start":{"line":20,"column":28},"end":{"line":20,"column":null}},"3":{"start":{"line":21,"column":21},"end":{"line":21,"column":null}},"4":{"start":{"line":22,"column":21},"end":{"line":22,"column":null}},"5":{"start":{"line":25,"column":2},"end":{"line":37,"column":null}},"6":{"start":{"line":26,"column":4},"end":{"line":26,"column":null}},"7":{"start":{"line":27,"column":4},"end":{"line":27,"column":null}},"8":{"start":{"line":28,"column":2},"end":{"line":37,"column":null}},"9":{"start":{"line":29,"column":4},"end":{"line":29,"column":null}},"10":{"start":{"line":30,"column":4},"end":{"line":30,"column":null}},"11":{"start":{"line":31,"column":2},"end":{"line":37,"column":null}},"12":{"start":{"line":32,"column":4},"end":{"line":32,"column":null}},"13":{"start":{"line":33,"column":4},"end":{"line":33,"column":null}},"14":{"start":{"line":34,"column":2},"end":{"line":37,"column":null}},"15":{"start":{"line":35,"column":4},"end":{"line":35,"column":null}},"16":{"start":{"line":36,"column":4},"end":{"line":36,"column":null}},"17":{"start":{"line":40,"column":2},"end":{"line":46,"column":null}},"18":{"start":{"line":41,"column":4},"end":{"line":41,"column":null}},"19":{"start":{"line":42,"column":4},"end":{"line":42,"column":null}},"20":{"start":{"line":43,"column":2},"end":{"line":46,"column":null}},"21":{"start":{"line":44,"column":4},"end":{"line":44,"column":null}},"22":{"start":{"line":45,"column":4},"end":{"line":45,"column":null}},"23":{"start":{"line":49,"column":2},"end":{"line":61,"column":null}},"24":{"start":{"line":50,"column":4},"end":{"line":50,"column":null}},"25":{"start":{"line":51,"column":4},"end":{"line":51,"column":null}},"26":{"start":{"line":52,"column":2},"end":{"line":61,"column":null}},"27":{"start":{"line":53,"column":4},"end":{"line":53,"column":null}},"28":{"start":{"line":54,"column":4},"end":{"line":54,"column":null}},"29":{"start":{"line":55,"column":2},"end":{"line":61,"column":null}},"30":{"start":{"line":56,"column":4},"end":{"line":56,"column":null}},"31":{"start":{"line":57,"column":4},"end":{"line":57,"column":null}},"32":{"start":{"line":59,"column":4},"end":{"line":59,"column":null}},"33":{"start":{"line":60,"column":4},"end":{"line":60,"column":null}},"34":{"start":{"line":64,"column":20},"end":{"line":64,"column":null}},"35":{"start":{"line":65,"column":21},"end":{"line":65,"column":null}},"36":{"start":{"line":68,"column":2},"end":{"line":70,"column":null}},"37":{"start":{"line":69,"column":4},"end":{"line":69,"column":null}},"38":{"start":{"line":72,"column":37},"end":{"line":72,"column":null}},"39":{"start":{"line":73,"column":2},"end":{"line":73,"column":null}},"40":{"start":{"line":84,"column":17},"end":{"line":84,"column":null}},"41":{"start":{"line":85,"column":23},"end":{"line":87,"column":null}},"42":{"start":{"line":90,"column":19},"end":{"line":90,"column":null}},"43":{"start":{"line":91,"column":27},"end":{"line":91,"column":null}},"44":{"start":{"line":92,"column":29},"end":{"line":92,"column":null}},"45":{"start":{"line":94,"column":2},"end":{"line":108,"column":null}},"46":{"start":{"line":95,"column":4},"end":{"line":100,"column":null}},"47":{"start":{"line":102,"column":4},"end":{"line":107,"column":null}},"48":{"start":{"line":115,"column":2},"end":{"line":160,"column":null}},"49":{"start":{"line":116,"column":23},"end":{"line":116,"column":null}},"50":{"start":{"line":117,"column":21},"end":{"line":117,"column":null}},"51":{"start":{"line":119,"column":4},"end":{"line":122,"column":null}},"52":{"start":{"line":120,"column":6},"end":{"line":120,"column":null}},"53":{"start":{"line":121,"column":6},"end":{"line":121,"column":null}},"54":{"start":{"line":124,"column":10},"end":{"line":124,"column":null}},"55":{"start":{"line":125,"column":19},"end":{"line":125,"column":null}},"56":{"start":{"line":127,"column":34},"end":{"line":151,"column":null}},"57":{"start":{"line":153,"column":4},"end":{"line":153,"column":null}},"58":{"start":{"line":154,"column":4},"end":{"line":154,"column":null}},"59":{"start":{"line":156,"column":4},"end":{"line":156,"column":null}},"60":{"start":{"line":158,"column":4},"end":{"line":158,"column":null}},"61":{"start":{"line":159,"column":4},"end":{"line":159,"column":null}},"62":{"start":{"line":167,"column":35},"end":{"line":167,"column":null}},"63":{"start":{"line":169,"column":2},"end":{"line":174,"column":null}},"64":{"start":{"line":170,"column":19},"end":{"line":170,"column":null}},"65":{"start":{"line":171,"column":4},"end":{"line":173,"column":null}},"66":{"start":{"line":172,"column":6},"end":{"line":172,"column":null}},"67":{"start":{"line":176,"column":2},"end":{"line":176,"column":null}},"68":{"start":{"line":183,"column":16},"end":{"line":183,"column":null}},"69":{"start":{"line":184,"column":24},"end":{"line":184,"column":null}},"70":{"start":{"line":186,"column":17},"end":{"line":186,"column":null}},"71":{"start":{"line":187,"column":24},"end":{"line":187,"column":null}},"72":{"start":{"line":189,"column":2},"end":{"line":209,"column":null}},"73":{"start":{"line":212,"column":31},"end":{"line":217,"column":null}}},"fnMap":{"0":{"name":"analyzeMarket","decl":{"start":{"line":18,"column":9},"end":{"line":18,"column":23}},"loc":{"start":{"line":18,"column":58},"end":{"line":74,"column":null}},"line":18},"1":{"name":"calculateLevels","decl":{"start":{"line":79,"column":9},"end":{"line":79,"column":null}},"loc":{"start":{"line":83,"column":87},"end":{"line":109,"column":null}},"line":83},"2":{"name":"generateSignal","decl":{"start":{"line":114,"column":22},"end":{"line":114,"column":37}},"loc":{"start":{"line":114,"column":84},"end":{"line":161,"column":null}},"line":114},"3":{"name":"generateAllSignals","decl":{"start":{"line":166,"column":22},"end":{"line":166,"column":69}},"loc":{"start":{"line":166,"column":69},"end":{"line":177,"column":null}},"line":166},"4":{"name":"formatSignalMessage","decl":{"start":{"line":182,"column":16},"end":{"line":182,"column":36}},"loc":{"start":{"line":182,"column":67},"end":{"line":210,"column":null}},"line":182}},"branchMap":{"0":{"loc":{"start":{"line":25,"column":2},"end":{"line":37,"column":null}},"type":"if","locations":[{"start":{"line":25,"column":2},"end":{"line":37,"column":null}},{"start":{"line":28,"column":2},"end":{"line":37,"column":null}}],"line":25},"1":{"loc":{"start":{"line":28,"column":2},"end":{"line":37,"column":null}},"type":"if","locations":[{"start":{"line":28,"column":2},"end":{"line":37,"column":null}},{"start":{"line":31,"column":2},"end":{"line":37,"column":null}}],"line":28},"2":{"loc":{"start":{"line":31,"column":2},"end":{"line":37,"column":null}},"type":"if","locations":[{"start":{"line":31,"column":2},"end":{"line":37,"column":null}},{"start":{"line":34,"column":2},"end":{"line":37,"column":null}}],"line":31},"3":{"loc":{"start":{"line":34,"column":2},"end":{"line":37,"column":null}},"type":"if","locations":[{"start":{"line":34,"column":2},"end":{"line":37,"column":null}},{"start":{},"end":{}}],"line":34},"4":{"loc":{"start":{"line":40,"column":2},"end":{"line":46,"column":null}},"type":"if","locations":[{"start":{"line":40,"column":2},"end":{"line":46,"column":null}},{"start":{"line":43,"column":2},"end":{"line":46,"column":null}}],"line":40},"5":{"loc":{"start":{"line":40,"column":6},"end":{"line":40,"column":64}},"type":"binary-expr","locations":[{"start":{"line":40,"column":6},"end":{"line":40,"column":33}},{"start":{"line":40,"column":33},"end":{"line":40,"column":64}}],"line":40},"6":{"loc":{"start":{"line":43,"column":2},"end":{"line":46,"column":null}},"type":"if","locations":[{"start":{"line":43,"column":2},"end":{"line":46,"column":null}},{"start":{},"end":{}}],"line":43},"7":{"loc":{"start":{"line":43,"column":13},"end":{"line":43,"column":72}},"type":"binary-expr","locations":[{"start":{"line":43,"column":13},"end":{"line":43,"column":41}},{"start":{"line":43,"column":41},"end":{"line":43,"column":72}}],"line":43},"8":{"loc":{"start":{"line":49,"column":2},"end":{"line":61,"column":null}},"type":"if","locations":[{"start":{"line":49,"column":2},"end":{"line":61,"column":null}},{"start":{"line":52,"column":2},"end":{"line":61,"column":null}}],"line":49},"9":{"loc":{"start":{"line":52,"column":2},"end":{"line":61,"column":null}},"type":"if","locations":[{"start":{"line":52,"column":2},"end":{"line":61,"column":null}},{"start":{"line":55,"column":2},"end":{"line":61,"column":null}}],"line":52},"10":{"loc":{"start":{"line":55,"column":2},"end":{"line":61,"column":null}},"type":"if","locations":[{"start":{"line":55,"column":2},"end":{"line":61,"column":null}},{"start":{"line":58,"column":9},"end":{"line":61,"column":null}}],"line":55},"11":{"loc":{"start":{"line":68,"column":2},"end":{"line":70,"column":null}},"type":"if","locations":[{"start":{"line":68,"column":2},"end":{"line":70,"column":null}},{"start":{},"end":{}}],"line":68},"12":{"loc":{"start":{"line":72,"column":37},"end":{"line":72,"column":null}},"type":"cond-expr","locations":[{"start":{"line":72,"column":67},"end":{"line":72,"column":75}},{"start":{"line":72,"column":75},"end":{"line":72,"column":null}}],"line":72},"13":{"loc":{"start":{"line":84,"column":17},"end":{"line":84,"column":null}},"type":"binary-expr","locations":[{"start":{"line":84,"column":17},"end":{"line":84,"column":44}},{"start":{"line":84,"column":44},"end":{"line":84,"column":null}}],"line":84},"14":{"loc":{"start":{"line":85,"column":23},"end":{"line":87,"column":null}},"type":"cond-expr","locations":[{"start":{"line":86,"column":6},"end":{"line":86,"column":null}},{"start":{"line":87,"column":6},"end":{"line":87,"column":null}}],"line":85},"15":{"loc":{"start":{"line":90,"column":19},"end":{"line":90,"column":null}},"type":"cond-expr","locations":[{"start":{"line":90,"column":28},"end":{"line":90,"column":35}},{"start":{"line":90,"column":35},"end":{"line":90,"column":null}}],"line":90},"16":{"loc":{"start":{"line":94,"column":2},"end":{"line":108,"column":null}},"type":"if","locations":[{"start":{"line":94,"column":2},"end":{"line":108,"column":null}},{"start":{"line":101,"column":9},"end":{"line":108,"column":null}}],"line":94},"17":{"loc":{"start":{"line":119,"column":4},"end":{"line":122,"column":null}},"type":"if","locations":[{"start":{"line":119,"column":4},"end":{"line":122,"column":null}},{"start":{},"end":{}}],"line":119},"18":{"loc":{"start":{"line":171,"column":4},"end":{"line":173,"column":null}},"type":"if","locations":[{"start":{"line":171,"column":4},"end":{"line":173,"column":null}},{"start":{},"end":{}}],"line":171},"19":{"loc":{"start":{"line":183,"column":16},"end":{"line":183,"column":null}},"type":"cond-expr","locations":[{"start":{"line":183,"column":45},"end":{"line":183,"column":52}},{"start":{"line":183,"column":52},"end":{"line":183,"column":null}}],"line":183},"20":{"loc":{"start":{"line":184,"column":24},"end":{"line":184,"column":null}},"type":"cond-expr","locations":[{"start":{"line":184,"column":53},"end":{"line":184,"column":61}},{"start":{"line":184,"column":61},"end":{"line":184,"column":null}}],"line":184},"21":{"loc":{"start":{"line":187,"column":24},"end":{"line":187,"column":null}},"type":"cond-expr","locations":[{"start":{"line":187,"column":33},"end":{"line":187,"column":54}},{"start":{"line":187,"column":54},"end":{"line":187,"column":null}}],"line":187},"22":{"loc":{"start":{"line":200,"column":2},"end":{"line":200,"column":82}},"type":"cond-expr","locations":[{"start":{"line":200,"column":23},"end":{"line":200,"column":80}},{"start":{"line":200,"column":80},"end":{"line":200,"column":82}}],"line":200},"23":{"loc":{"start":{"line":201,"column":2},"end":{"line":201,"column":82}},"type":"cond-expr","locations":[{"start":{"line":201,"column":23},"end":{"line":201,"column":80}},{"start":{"line":201,"column":80},"end":{"line":201,"column":82}}],"line":201}},"s":{"0":1,"1":0,"2":0,"3":0,"4":0,"5":0,"6":0,"7":0,"8":0,"9":0,"10":0,"11":0,"12":0,"13":0,"14":0,"15":0,"16":0,"17":0,"18":0,"19":0,"20":0,"21":0,"22":0,"23":0,"24":0,"25":0,"26":0,"27":0,"28":0,"29":0,"30":0,"31":0,"32":0,"33":0,"34":0,"35":0,"36":0,"37":0,"38":0,"39":0,"40":0,"41":0,"42":0,"43":0,"44":0,"45":0,"46":0,"47":0,"48":0,"49":0,"50":0,"51":0,"52":0,"53":0,"54":0,"55":0,"56":0,"57":0,"58":0,"59":0,"60":0,"61":0,"62":0,"63":0,"64":0,"65":0,"66":0,"67":0,"68":29,"69":29,"70":29,"71":29,"72":29,"73":1},"f":{"0":0,"1":0,"2":0,"3":0,"4":29},"b":{"0":[0,0],"1":[0,0],"2":[0,0],"3":[0,0],"4":[0,0],"5":[0,0],"6":[0,0],"7":[0,0],"8":[0,0],"9":[0,0],"10":[0,0],"11":[0,0],"12":[0,0],"13":[0,0],"14":[0,0],"15":[0,0],"16":[0,0],"17":[0,0],"18":[0,0],"19":[24,5],"20":[24,5],"21":[26,3],"22":[28,1],"23":[26,3]},"meta":{"lastBranch":24,"lastFunction":5,"lastStatement":74,"seen":{"s:7:43:7:Infinity":0,"f:18:9:18:23":0,"s:19:8:19:Infinity":1,"s:20:28:20:Infinity":2,"s:21:21:21:Infinity":3,"s:22:21:22:Infinity":4,"b:25:2:37:Infinity:28:2:37:Infinity":0,"s:25:2:37:Infinity":5,"s:26:4:26:Infinity":6,"s:27:4:27:Infinity":7,"b:28:2:37:Infinity:31:2:37:Infinity":1,"s:28:2:37:Infinity":8,"s:29:4:29:Infinity":9,"s:30:4:30:Infinity":10,"b:31:2:37:Infinity:34:2:37:Infinity":2,"s:31:2:37:Infinity":11,"s:32:4:32:Infinity":12,"s:33:4:33:Infinity":13,"b:34:2:37:Infinity:undefined:undefined:undefined:undefined":3,"s:34:2:37:Infinity":14,"s:35:4:35:Infinity":15,"s:36:4:36:Infinity":16,"b:40:2:46:Infinity:43:2:46:Infinity":4,"s:40:2:46:Infinity":17,"b:40:6:40:33:40:33:40:64":5,"s:41:4:41:Infinity":18,"s:42:4:42:Infinity":19,"b:43:2:46:Infinity:undefined:undefined:undefined:undefined":6,"s:43:2:46:Infinity":20,"b:43:13:43:41:43:41:43:72":7,"s:44:4:44:Infinity":21,"s:45:4:45:Infinity":22,"b:49:2:61:Infinity:52:2:61:Infinity":8,"s:49:2:61:Infinity":23,"s:50:4:50:Infinity":24,"s:51:4:51:Infinity":25,"b:52:2:61:Infinity:55:2:61:Infinity":9,"s:52:2:61:Infinity":26,"s:53:4:53:Infinity":27,"s:54:4:54:Infinity":28,"b:55:2:61:Infinity:58:9:61:Infinity":10,"s:55:2:61:Infinity":29,"s:56:4:56:Infinity":30,"s:57:4:57:Infinity":31,"s:59:4:59:Infinity":32,"s:60:4:60:Infinity":33,"s:64:20:64:Infinity":34,"s:65:21:65:Infinity":35,"b:68:2:70:Infinity:undefined:undefined:undefined:undefined":11,"s:68:2:70:Infinity":36,"s:69:4:69:Infinity":37,"s:72:37:72:Infinity":38,"b:72:67:72:75:72:75:72:Infinity":12,"s:73:2:73:Infinity":39,"f:79:9:79:Infinity":1,"s:84:17:84:Infinity":40,"b:84:17:84:44:84:44:84:Infinity":13,"s:85:23:87:Infinity":41,"b:86:6:86:Infinity:87:6:87:Infinity":14,"s:90:19:90:Infinity":42,"b:90:28:90:35:90:35:90:Infinity":15,"s:91:27:91:Infinity":43,"s:92:29:92:Infinity":44,"b:94:2:108:Infinity:101:9:108:Infinity":16,"s:94:2:108:Infinity":45,"s:95:4:100:Infinity":46,"s:102:4:107:Infinity":47,"f:114:22:114:37":2,"s:115:2:160:Infinity":48,"s:116:23:116:Infinity":49,"s:117:21:117:Infinity":50,"b:119:4:122:Infinity:undefined:undefined:undefined:undefined":17,"s:119:4:122:Infinity":51,"s:120:6:120:Infinity":52,"s:121:6:121:Infinity":53,"s:124:10:124:Infinity":54,"s:125:19:125:Infinity":55,"s:127:34:151:Infinity":56,"s:153:4:153:Infinity":57,"s:154:4:154:Infinity":58,"s:156:4:156:Infinity":59,"s:158:4:158:Infinity":60,"s:159:4:159:Infinity":61,"f:166:22:166:69":3,"s:167:35:167:Infinity":62,"s:169:2:174:Infinity":63,"s:170:19:170:Infinity":64,"b:171:4:173:Infinity:undefined:undefined:undefined:undefined":18,"s:171:4:173:Infinity":65,"s:172:6:172:Infinity":66,"s:176:2:176:Infinity":67,"f:182:16:182:36":4,"s:183:16:183:Infinity":68,"b:183:45:183:52:183:52:183:Infinity":19,"s:184:24:184:Infinity":69,"b:184:53:184:61:184:61:184:Infinity":20,"s:186:17:186:Infinity":70,"s:187:24:187:Infinity":71,"b:187:33:187:54:187:54:187:Infinity":21,"s:189:2:209:Infinity":72,"b:200:23:200:80:200:80:200:82":22,"b:201:23:201:80:201:80:201:82":23,"s:212:31:217:Infinity":73}}}
,"/Users/hieuho/GoldScalpingBot/apps/signal-bot/src/types/index.ts": {"path":"/Users/hieuho/GoldScalpingBot/apps/signal-bot/src/types/index.ts","statementMap":{},"fnMap":{},"branchMap":{},"s":{},"f":{},"b":{},"meta":{"lastBranch":0,"lastFunction":0,"lastStatement":0,"seen":{}}}
}
